2020-10-29 07:05:46,750 TDVT version: 2.1.22
2020-10-29 07:05:46,750 TDVT Arguments: Namespace(verbose=False, command='run', thread_count=None, noclean=False, generate=False, compare_sql=False, nocompare_tuples=False, compare_error=False, ds=['exasol_odbc'], smoke_test=False, force_run=False, logical_only=None, expression_only=None)
2020-10-29 07:05:46,750 Reading ini file [C:\Users\seb\git\tableau-connector\tdvt\config\exasol_odbc.ini]
2020-10-29 07:05:46,750 [name=logical.calcs.exasol_odbc] [tds=cast_calcs.exasol_odbc.tds] [exclusions=] [test pattern=logicaltests/setup/calcs/setup.*.TESTV1.xml] [is_logical=True] [root_dir=C:\Users\seb\AppData\Local\Programs\Python\Python39\lib\site-packages\tdvt]
[name=logical.staples.exasol_odbc] [tds=Staples.exasol_odbc.tds] [exclusions=] [test pattern=logicaltests/setup/staples/setup.*.TESTV1.xml] [is_logical=True] [root_dir=C:\Users\seb\AppData\Local\Programs\Python\Python39\lib\site-packages\tdvt]
[name=logical.lod.exasol_odbc] [tds=Staples.exasol_odbc.tds] [exclusions=] [test pattern=logicaltests/setup/lod/setup.*.TESTV1.xml] [is_logical=True] [root_dir=C:\Users\seb\AppData\Local\Programs\Python\Python39\lib\site-packages\tdvt]
[name=logical.union.exasol_odbc] [tds=cast_calcs.exasol_odbc.tds] [exclusions=] [test pattern=logicaltests/setup/union/setup.*.TESTV1.xml] [is_logical=True] [root_dir=C:\Users\seb\AppData\Local\Programs\Python\Python39\lib\site-packages\tdvt]
[name=expression.standard.exasol_odbc] [tds=cast_calcs.exasol_odbc.tds] [exclusions=cast.str.date,date.cast,date.datediff.second,date.datediff.sow.second,date.datepart.second,date.datepart.sow.second,math.div,string.space,string.split,date.datediff.week,date.datediff.sow.week,string.mid,string.isdate] [test pattern=exprtests/standard/setup.*.txt] [is_logical=False] [root_dir=C:\Users\seb\AppData\Local\Programs\Python\Python39\lib\site-packages\tdvt]
[name=expression.lod.exasol_odbc] [tds=cast_calcs.exasol_odbc.tds] [exclusions=] [test pattern=exprtests/lodcalcs/setup.*.txt] [is_logical=False] [root_dir=C:\Users\seb\AppData\Local\Programs\Python\Python39\lib\site-packages\tdvt]
[name=expression.median.exasol_odbc] [tds=cast_calcs.exasol_odbc.tds] [exclusions=] [test pattern=exprtests/median] [is_logical=False] [root_dir=C:\Users\seb\AppData\Local\Programs\Python\Python39\lib\site-packages\tdvt]
[name=expression.percentile.exasol_odbc] [tds=cast_calcs.exasol_odbc.tds] [exclusions=] [test pattern=exprtests/percentile] [is_logical=False] [root_dir=C:\Users\seb\AppData\Local\Programs\Python\Python39\lib\site-packages\tdvt]
[name=TestBadPassword.exasol_odbc] [tds=cast_calcs.exasol_odbc.tds] [exclusions=] [test pattern=exprtests/pretest/] [is_logical=False] [root_dir=C:\Users\seb\AppData\Local\Programs\Python\Python39\lib\site-packages\tdvt]

2020-10-29 07:05:46,750 Reading registry ini file [C:\Users\seb\AppData\Local\Programs\Python\Python39\lib\site-packages\tdvt\config\registry\windows.ini]
2020-10-29 07:05:46,750 Reading tdvt ini file [C:\Users\seb\git\tableau-connector\tdvt\config/tdvt\tdvt_override.ini]
2020-10-29 07:05:46,750 Reading tdvt ini file tabquerycli path is [C:\Program Files\Tableau\Tableau 2020.3\bin\tabquerytool.exe]
2020-10-29 07:05:46,750 Checking generated logical setup files...
2020-10-29 07:05:46,782 Found tabquery at [C:\Program Files\Tableau\Tableau 2020.3\bin\tabquerytool.exe]
2020-10-29 07:05:46,782 Enqueing tests for exasol_odbc
2020-10-29 07:05:46,782 Adding globbed file C:\Users\seb\AppData\Local\Programs\Python\Python39\lib\site-packages\tdvt\logicaltests/setup/calcs\setup.BUGS.B1713.TESTV1.xml
2020-10-29 07:05:46,782 Adding globbed file C:\Users\seb\AppData\Local\Programs\Python\Python39\lib\site-packages\tdvt\logicaltests/setup/calcs\setup.BUGS.B26728.TESTV1.xml
2020-10-29 07:05:46,782 Adding globbed file C:\Users\seb\AppData\Local\Programs\Python\Python39\lib\site-packages\tdvt\logicaltests/setup/calcs\setup.BUGS.B27875-asc-nulls-first.TESTV1.xml
2020-10-29 07:05:46,782 Adding globbed file C:\Users\seb\AppData\Local\Programs\Python\Python39\lib\site-packages\tdvt\logicaltests/setup/calcs\setup.BUGS.B27875-desc-nulls-last.TESTV1.xml
2020-10-29 07:05:46,782 Adding globbed file C:\Users\seb\AppData\Local\Programs\Python\Python39\lib\site-packages\tdvt\logicaltests/setup/calcs\setup.BUGS.B59740.TESTV1.xml
2020-10-29 07:05:46,782 Adding globbed file C:\Users\seb\AppData\Local\Programs\Python\Python39\lib\site-packages\tdvt\logicaltests/setup/calcs\setup.BUGS.B641638.TESTV1.xml
2020-10-29 07:05:46,782 Adding globbed file C:\Users\seb\AppData\Local\Programs\Python\Python39\lib\site-packages\tdvt\logicaltests/setup/calcs\setup.BUGS.TFS660780.TESTV1.xml
2020-10-29 07:05:46,782 Adding globbed file C:\Users\seb\AppData\Local\Programs\Python\Python39\lib\site-packages\tdvt\logicaltests/setup/calcs\setup.Filter.datetime_fractional.TESTV1.xml
2020-10-29 07:05:46,782 Adding globbed file C:\Users\seb\AppData\Local\Programs\Python\Python39\lib\site-packages\tdvt\logicaltests/setup/calcs\setup.Filter.Date_In.TESTV1.xml
2020-10-29 07:05:46,782 Adding globbed file C:\Users\seb\AppData\Local\Programs\Python\Python39\lib\site-packages\tdvt\logicaltests/setup/calcs\setup.Filter.Date_In_Time.TESTV1.xml
2020-10-29 07:05:46,782 Adding globbed file C:\Users\seb\AppData\Local\Programs\Python\Python39\lib\site-packages\tdvt\logicaltests/setup/calcs\setup.Filter.Exclude-list-not-null.TESTV1.xml
2020-10-29 07:05:46,782 Adding globbed file C:\Users\seb\AppData\Local\Programs\Python\Python39\lib\site-packages\tdvt\logicaltests/setup/calcs\setup.Filter.Exclude-range-not-null.TESTV1.xml
2020-10-29 07:05:46,782 Adding globbed file C:\Users\seb\AppData\Local\Programs\Python\Python39\lib\site-packages\tdvt\logicaltests/setup/calcs\setup.Filter.FilterBy-to-no-results.TESTV1.xml
2020-10-29 07:05:46,782 Adding globbed file C:\Users\seb\AppData\Local\Programs\Python\Python39\lib\site-packages\tdvt\logicaltests/setup/calcs\setup.Filter.QFilter-max-NotNull.TESTV1.xml
2020-10-29 07:05:46,782 Adding globbed file C:\Users\seb\AppData\Local\Programs\Python\Python39\lib\site-packages\tdvt\logicaltests/setup/calcs\setup.Filter.QFilter-max-Null.TESTV1.xml
2020-10-29 07:05:46,782 Adding globbed file C:\Users\seb\AppData\Local\Programs\Python\Python39\lib\site-packages\tdvt\logicaltests/setup/calcs\setup.Filter.QFilter-min-NotNull.TESTV1.xml
2020-10-29 07:05:46,782 Adding globbed file C:\Users\seb\AppData\Local\Programs\Python\Python39\lib\site-packages\tdvt\logicaltests/setup/calcs\setup.Filter.QFilter-min-Null.TESTV1.xml
2020-10-29 07:05:46,782 Adding globbed file C:\Users\seb\AppData\Local\Programs\Python\Python39\lib\site-packages\tdvt\logicaltests/setup/calcs\setup.Filter.QFilter-minmax-NotNull.TESTV1.xml
2020-10-29 07:05:46,782 Adding globbed file C:\Users\seb\AppData\Local\Programs\Python\Python39\lib\site-packages\tdvt\logicaltests/setup/calcs\setup.Filter.QFilter-minmax-Null.TESTV1.xml
2020-10-29 07:05:46,782 Adding globbed file C:\Users\seb\AppData\Local\Programs\Python\Python39\lib\site-packages\tdvt\logicaltests/setup/calcs\setup.Filter.QFilter-NotNull.TESTV1.xml
2020-10-29 07:05:46,782 Adding globbed file C:\Users\seb\AppData\Local\Programs\Python\Python39\lib\site-packages\tdvt\logicaltests/setup/calcs\setup.Filter.QFilter-Null.TESTV1.xml
2020-10-29 07:05:46,782 Adding globbed file C:\Users\seb\AppData\Local\Programs\Python\Python39\lib\site-packages\tdvt\logicaltests/setup/calcs\setup.Filter.TopN-context.TESTV1.xml
2020-10-29 07:05:46,782 Adding globbed file C:\Users\seb\AppData\Local\Programs\Python\Python39\lib\site-packages\tdvt\logicaltests/setup/calcs\setup.join.null.bool.TESTV1.xml
2020-10-29 07:05:46,782 Adding globbed file C:\Users\seb\AppData\Local\Programs\Python\Python39\lib\site-packages\tdvt\logicaltests/setup/calcs\setup.join.null.date.TESTV1.xml
2020-10-29 07:05:46,782 Adding globbed file C:\Users\seb\AppData\Local\Programs\Python\Python39\lib\site-packages\tdvt\logicaltests/setup/calcs\setup.join.null.datetime.TESTV1.xml
2020-10-29 07:05:46,782 Adding globbed file C:\Users\seb\AppData\Local\Programs\Python\Python39\lib\site-packages\tdvt\logicaltests/setup/calcs\setup.join.null.int.TESTV1.xml
2020-10-29 07:05:46,782 Adding globbed file C:\Users\seb\AppData\Local\Programs\Python\Python39\lib\site-packages\tdvt\logicaltests/setup/calcs\setup.join.null.real.TESTV1.xml
2020-10-29 07:05:46,782 Adding globbed file C:\Users\seb\AppData\Local\Programs\Python\Python39\lib\site-packages\tdvt\logicaltests/setup/calcs\setup.join.null.str.TESTV1.xml
2020-10-29 07:05:46,782 Adding globbed file C:\Users\seb\AppData\Local\Programs\Python\Python39\lib\site-packages\tdvt\logicaltests/setup/calcs\setup.Query.Filter.IsNOTNULL.TESTV1.xml
2020-10-29 07:05:46,782 Adding globbed file C:\Users\seb\AppData\Local\Programs\Python\Python39\lib\site-packages\tdvt\logicaltests/setup/calcs\setup.Query.Filter.IsNULL.TESTV1.xml
2020-10-29 07:05:46,782 Adding globbed file C:\Users\seb\AppData\Local\Programs\Python\Python39\lib\site-packages\tdvt\logicaltests/setup/calcs\setup.Query.Filter.NullAndOne.TESTV1.xml
2020-10-29 07:05:46,782 Found 31 tests to run before exclusions.
2020-10-29 07:05:46,782 Found 31 tests to run after exclusions.
2020-10-29 07:05:46,797 Adding globbed file C:\Users\seb\AppData\Local\Programs\Python\Python39\lib\site-packages\tdvt\logicaltests/setup/staples\setup.BUGS.B14080.TESTV1.xml
2020-10-29 07:05:46,797 Adding globbed file C:\Users\seb\AppData\Local\Programs\Python\Python39\lib\site-packages\tdvt\logicaltests/setup/staples\setup.BUGS.B24394.TESTV1.xml
2020-10-29 07:05:46,797 Adding globbed file C:\Users\seb\AppData\Local\Programs\Python\Python39\lib\site-packages\tdvt\logicaltests/setup/staples\setup.BUGS.B340.TESTV1.xml
2020-10-29 07:05:46,797 Adding globbed file C:\Users\seb\AppData\Local\Programs\Python\Python39\lib\site-packages\tdvt\logicaltests/setup/staples\setup.BUGS.B530764.TESTV1.xml
2020-10-29 07:05:46,797 Adding globbed file C:\Users\seb\AppData\Local\Programs\Python\Python39\lib\site-packages\tdvt\logicaltests/setup/staples\setup.BUGS.B8888.TESTV1.xml
2020-10-29 07:05:46,797 Adding globbed file C:\Users\seb\AppData\Local\Programs\Python\Python39\lib\site-packages\tdvt\logicaltests/setup/staples\setup.Filter.Add_to_context.TESTV1.xml
2020-10-29 07:05:46,797 Adding globbed file C:\Users\seb\AppData\Local\Programs\Python\Python39\lib\site-packages\tdvt\logicaltests/setup/staples\setup.Filter.Q_date_instance_filter.TESTV1.xml
2020-10-29 07:05:46,797 Adding globbed file C:\Users\seb\AppData\Local\Programs\Python\Python39\lib\site-packages\tdvt\logicaltests/setup/staples\setup.Filter.Q_date_month_instance_filter.TESTV1.xml
2020-10-29 07:05:46,797 Adding globbed file C:\Users\seb\AppData\Local\Programs\Python\Python39\lib\site-packages\tdvt\logicaltests/setup/staples\setup.Filter.slicing_Q_date_instance_filter.TESTV1.xml
2020-10-29 07:05:46,797 Adding globbed file C:\Users\seb\AppData\Local\Programs\Python\Python39\lib\site-packages\tdvt\logicaltests/setup/staples\setup.Filter.slicing_Q_date_month_instance_filter.TESTV1.xml
2020-10-29 07:05:46,797 Adding globbed file C:\Users\seb\AppData\Local\Programs\Python\Python39\lib\site-packages\tdvt\logicaltests/setup/staples\setup.Filter.Trademark.TESTV1.xml
2020-10-29 07:05:46,797 Adding globbed file C:\Users\seb\AppData\Local\Programs\Python\Python39\lib\site-packages\tdvt\logicaltests/setup/staples\setup.Query.Dates_MDY.TESTV1.xml
2020-10-29 07:05:46,797 Adding globbed file C:\Users\seb\AppData\Local\Programs\Python\Python39\lib\site-packages\tdvt\logicaltests/setup/staples\setup.Query.Dates_MDY_Filtered.TESTV1.xml
2020-10-29 07:05:46,797 Adding globbed file C:\Users\seb\AppData\Local\Programs\Python\Python39\lib\site-packages\tdvt\logicaltests/setup/staples\setup.Query.FilterBy_DateTime_Slices.TESTV1.xml
2020-10-29 07:05:46,797 Adding globbed file C:\Users\seb\AppData\Local\Programs\Python\Python39\lib\site-packages\tdvt\logicaltests/setup/staples\setup.Query.FilterBy_Q.TESTV1.xml
2020-10-29 07:05:46,797 Adding globbed file C:\Users\seb\AppData\Local\Programs\Python\Python39\lib\site-packages\tdvt\logicaltests/setup/staples\setup.Query.Filter_AVG.TESTV1.xml
2020-10-29 07:05:46,797 Adding globbed file C:\Users\seb\AppData\Local\Programs\Python\Python39\lib\site-packages\tdvt\logicaltests/setup/staples\setup.Query.Filter_CNT.TESTV1.xml
2020-10-29 07:05:46,797 Adding globbed file C:\Users\seb\AppData\Local\Programs\Python\Python39\lib\site-packages\tdvt\logicaltests/setup/staples\setup.Query.Filter_Exclude1.TESTV1.xml
2020-10-29 07:05:46,797 Adding globbed file C:\Users\seb\AppData\Local\Programs\Python\Python39\lib\site-packages\tdvt\logicaltests/setup/staples\setup.Query.Filter_Include1.TESTV1.xml
2020-10-29 07:05:46,797 Adding globbed file C:\Users\seb\AppData\Local\Programs\Python\Python39\lib\site-packages\tdvt\logicaltests/setup/staples\setup.Query.Filter_MAX.TESTV1.xml
2020-10-29 07:05:46,797 Adding globbed file C:\Users\seb\AppData\Local\Programs\Python\Python39\lib\site-packages\tdvt\logicaltests/setup/staples\setup.Query.Filter_MIN.TESTV1.xml
2020-10-29 07:05:46,797 Adding globbed file C:\Users\seb\AppData\Local\Programs\Python\Python39\lib\site-packages\tdvt\logicaltests/setup/staples\setup.Query.Filter_SliceAggQ.TESTV1.xml
2020-10-29 07:05:46,797 Adding globbed file C:\Users\seb\AppData\Local\Programs\Python\Python39\lib\site-packages\tdvt\logicaltests/setup/staples\setup.Query.Filter_SliceAggQUnaggQUnaggDT_AxisQOYear.TESTV1.xml
2020-10-29 07:05:46,797 Adding globbed file C:\Users\seb\AppData\Local\Programs\Python\Python39\lib\site-packages\tdvt\logicaltests/setup/staples\setup.Query.Filter_SliceAggQUnaggQ_AxisQ.TESTV1.xml
2020-10-29 07:05:46,797 Adding globbed file C:\Users\seb\AppData\Local\Programs\Python\Python39\lib\site-packages\tdvt\logicaltests/setup/staples\setup.Query.Filter_SliceAggQUnaggQ_AxisQO.TESTV1.xml
2020-10-29 07:05:46,797 Adding globbed file C:\Users\seb\AppData\Local\Programs\Python\Python39\lib\site-packages\tdvt\logicaltests/setup/staples\setup.Query.Filter_SliceAggQUnaggQ_AxisQOYear.TESTV1.xml
2020-10-29 07:05:46,797 Adding globbed file C:\Users\seb\AppData\Local\Programs\Python\Python39\lib\site-packages\tdvt\logicaltests/setup/staples\setup.Query.Filter_SliceAggQ_AxisQ.TESTV1.xml
2020-10-29 07:05:46,797 Adding globbed file C:\Users\seb\AppData\Local\Programs\Python\Python39\lib\site-packages\tdvt\logicaltests/setup/staples\setup.Query.Filter_SUM.TESTV1.xml
2020-10-29 07:05:46,797 Adding globbed file C:\Users\seb\AppData\Local\Programs\Python\Python39\lib\site-packages\tdvt\logicaltests/setup/staples\setup.Query.HideEmptyRows.TESTV1.xml
2020-10-29 07:05:46,797 Adding globbed file C:\Users\seb\AppData\Local\Programs\Python\Python39\lib\site-packages\tdvt\logicaltests/setup/staples\setup.Query.MultipleFilters.TESTV1.xml
2020-10-29 07:05:46,797 Adding globbed file C:\Users\seb\AppData\Local\Programs\Python\Python39\lib\site-packages\tdvt\logicaltests/setup/staples\setup.Query.Nest_FilterO1O2_SliceOQ_SortByO1.TESTV1.xml
2020-10-29 07:05:46,797 Adding globbed file C:\Users\seb\AppData\Local\Programs\Python\Python39\lib\site-packages\tdvt\logicaltests/setup/staples\setup.Query.Nest_FilterO1O2_SliceOQ_SortByO1O2.TESTV1.xml
2020-10-29 07:05:46,797 Adding globbed file C:\Users\seb\AppData\Local\Programs\Python\Python39\lib\site-packages\tdvt\logicaltests/setup/staples\setup.Query.Nest_FilterO1_SliceOQ.TESTV1.xml
2020-10-29 07:05:46,797 Adding globbed file C:\Users\seb\AppData\Local\Programs\Python\Python39\lib\site-packages\tdvt\logicaltests/setup/staples\setup.Query.Nest_SliceQ.TESTV1.xml
2020-10-29 07:05:46,797 Adding globbed file C:\Users\seb\AppData\Local\Programs\Python\Python39\lib\site-packages\tdvt\logicaltests/setup/staples\setup.Query.Nest_SliceQO.TESTV1.xml
2020-10-29 07:05:46,797 Adding globbed file C:\Users\seb\AppData\Local\Programs\Python\Python39\lib\site-packages\tdvt\logicaltests/setup/staples\setup.Query.Sort_Alphabetic_DESC_Top1.TESTV1.xml
2020-10-29 07:05:46,797 Adding globbed file C:\Users\seb\AppData\Local\Programs\Python\Python39\lib\site-packages\tdvt\logicaltests/setup/staples\setup.Query.Sort_Alphabetic_DESC_Top10.TESTV1.xml
2020-10-29 07:05:46,797 Adding globbed file C:\Users\seb\AppData\Local\Programs\Python\Python39\lib\site-packages\tdvt\logicaltests/setup/staples\setup.Query.Sort_Natural_DESC.TESTV1.xml
2020-10-29 07:05:46,797 Adding globbed file C:\Users\seb\AppData\Local\Programs\Python\Python39\lib\site-packages\tdvt\logicaltests/setup/staples\setup.Query.Top99_ByField.TESTV1.xml
2020-10-29 07:05:46,797 Adding globbed file C:\Users\seb\AppData\Local\Programs\Python\Python39\lib\site-packages\tdvt\logicaltests/setup/staples\setup.Query.Unaggregated_Filter.TESTV1.xml
2020-10-29 07:05:46,797 Adding globbed file C:\Users\seb\AppData\Local\Programs\Python\Python39\lib\site-packages\tdvt\logicaltests/setup/staples\setup.Query.Unaggregated_Filter_NoDateTime.TESTV1.xml
2020-10-29 07:05:46,797 Adding globbed file C:\Users\seb\AppData\Local\Programs\Python\Python39\lib\site-packages\tdvt\logicaltests/setup/staples\setup.ZTesting.Staples9.TESTV1.xml
2020-10-29 07:05:46,797 Found 42 tests to run before exclusions.
2020-10-29 07:05:46,797 Found 42 tests to run after exclusions.
2020-10-29 07:05:46,797 Adding globbed file C:\Users\seb\AppData\Local\Programs\Python\Python39\lib\site-packages\tdvt\logicaltests/setup/lod\setup.lod.10_As in-out Set.TESTV1.xml
2020-10-29 07:05:46,797 Adding globbed file C:\Users\seb\AppData\Local\Programs\Python\Python39\lib\site-packages\tdvt\logicaltests/setup/lod\setup.lod.11_As in-out Set.TESTV1.xml
2020-10-29 07:05:46,797 Adding globbed file C:\Users\seb\AppData\Local\Programs\Python\Python39\lib\site-packages\tdvt\logicaltests/setup/lod\setup.lod.12_As in-out Set.TESTV1.xml
2020-10-29 07:05:46,797 Adding globbed file C:\Users\seb\AppData\Local\Programs\Python\Python39\lib\site-packages\tdvt\logicaltests/setup/lod\setup.lod.13_As in-out Set.TESTV1.xml
2020-10-29 07:05:46,797 Adding globbed file C:\Users\seb\AppData\Local\Programs\Python\Python39\lib\site-packages\tdvt\logicaltests/setup/lod\setup.lod.14_As in-out Set.TESTV1.xml
2020-10-29 07:05:46,797 Adding globbed file C:\Users\seb\AppData\Local\Programs\Python\Python39\lib\site-packages\tdvt\logicaltests/setup/lod\setup.lod.15_As Bin.TESTV1.xml
2020-10-29 07:05:46,797 Adding globbed file C:\Users\seb\AppData\Local\Programs\Python\Python39\lib\site-packages\tdvt\logicaltests/setup/lod\setup.lod.16_As Group.TESTV1.xml
2020-10-29 07:05:46,797 Adding globbed file C:\Users\seb\AppData\Local\Programs\Python\Python39\lib\site-packages\tdvt\logicaltests/setup/lod\setup.lod.17_Nesting.TESTV1.xml
2020-10-29 07:05:46,797 Adding globbed file C:\Users\seb\AppData\Local\Programs\Python\Python39\lib\site-packages\tdvt\logicaltests/setup/lod\setup.lod.1_Difference From with Cross Join.TESTV1.xml
2020-10-29 07:05:46,797 Adding globbed file C:\Users\seb\AppData\Local\Programs\Python\Python39\lib\site-packages\tdvt\logicaltests/setup/lod\setup.lod.2_Cross Join.TESTV1.xml
2020-10-29 07:05:46,797 Adding globbed file C:\Users\seb\AppData\Local\Programs\Python\Python39\lib\site-packages\tdvt\logicaltests/setup/lod\setup.lod.3_Disjoint LOD.TESTV1.xml
2020-10-29 07:05:46,797 Adding globbed file C:\Users\seb\AppData\Local\Programs\Python\Python39\lib\site-packages\tdvt\logicaltests/setup/lod\setup.lod.4_Subset Fixed.TESTV1.xml
2020-10-29 07:05:46,797 Adding globbed file C:\Users\seb\AppData\Local\Programs\Python\Python39\lib\site-packages\tdvt\logicaltests/setup/lod\setup.lod.5_Subset Fixed - 2.TESTV1.xml
2020-10-29 07:05:46,797 Adding globbed file C:\Users\seb\AppData\Local\Programs\Python\Python39\lib\site-packages\tdvt\logicaltests/setup/lod\setup.lod.6_Include - 1.TESTV1.xml
2020-10-29 07:05:46,797 Adding globbed file C:\Users\seb\AppData\Local\Programs\Python\Python39\lib\site-packages\tdvt\logicaltests/setup/lod\setup.lod.7_Percent of Total 1.TESTV1.xml
2020-10-29 07:05:46,797 Adding globbed file C:\Users\seb\AppData\Local\Programs\Python\Python39\lib\site-packages\tdvt\logicaltests/setup/lod\setup.lod.8_Precent of Total 2.TESTV1.xml
2020-10-29 07:05:46,797 Adding globbed file C:\Users\seb\AppData\Local\Programs\Python\Python39\lib\site-packages\tdvt\logicaltests/setup/lod\setup.lod.9_Fixed as Dimension.TESTV1.xml
2020-10-29 07:05:46,797 Adding globbed file C:\Users\seb\AppData\Local\Programs\Python\Python39\lib\site-packages\tdvt\logicaltests/setup/lod\setup.lod.calc.1.TopN.TESTV1.xml
2020-10-29 07:05:46,797 Adding globbed file C:\Users\seb\AppData\Local\Programs\Python\Python39\lib\site-packages\tdvt\logicaltests/setup/lod\setup.lod.calc.11.Exclude.TESTV1.xml
2020-10-29 07:05:46,797 Adding globbed file C:\Users\seb\AppData\Local\Programs\Python\Python39\lib\site-packages\tdvt\logicaltests/setup/lod\setup.lod.calc.2.Two-level Agg.TESTV1.xml
2020-10-29 07:05:46,797 Adding globbed file C:\Users\seb\AppData\Local\Programs\Python\Python39\lib\site-packages\tdvt\logicaltests/setup/lod\setup.lod.calc.3.LOD Metadata.TESTV1.xml
2020-10-29 07:05:46,797 Adding globbed file C:\Users\seb\AppData\Local\Programs\Python\Python39\lib\site-packages\tdvt\logicaltests/setup/lod\setup.lod.calc.4.Lookup.TESTV1.xml
2020-10-29 07:05:46,797 Adding globbed file C:\Users\seb\AppData\Local\Programs\Python\Python39\lib\site-packages\tdvt\logicaltests/setup/lod\setup.lod.calc.5.LOD Set.TESTV1.xml
2020-10-29 07:05:46,797 Adding globbed file C:\Users\seb\AppData\Local\Programs\Python\Python39\lib\site-packages\tdvt\logicaltests/setup/lod\setup.lod.calc.6. LOD Dimension.TESTV1.xml
2020-10-29 07:05:46,797 Adding globbed file C:\Users\seb\AppData\Local\Programs\Python\Python39\lib\site-packages\tdvt\logicaltests/setup/lod\setup.lod.calc.7. LOD Bins.TESTV1.xml
2020-10-29 07:05:46,797 Adding globbed file C:\Users\seb\AppData\Local\Programs\Python\Python39\lib\site-packages\tdvt\logicaltests/setup/lod\setup.lod.calc.8. Include.TESTV1.xml
2020-10-29 07:05:46,797 Adding globbed file C:\Users\seb\AppData\Local\Programs\Python\Python39\lib\site-packages\tdvt\logicaltests/setup/lod\setup.lod.calc.9.Fixed.TESTV1.xml
2020-10-29 07:05:46,797 Found 27 tests to run before exclusions.
2020-10-29 07:05:46,797 Found 27 tests to run after exclusions.
2020-10-29 07:05:46,797 Adding globbed file C:\Users\seb\AppData\Local\Programs\Python\Python39\lib\site-packages\tdvt\logicaltests/setup/union\setup.calcs.union.TESTV1.xml
2020-10-29 07:05:46,797 Found 1 tests to run before exclusions.
2020-10-29 07:05:46,797 Found 1 tests to run after exclusions.
2020-10-29 07:05:46,812 Adding globbed file C:\Users\seb\AppData\Local\Programs\Python\Python39\lib\site-packages\tdvt\exprtests/standard\setup.agg.avg.txt
2020-10-29 07:05:46,812 Adding globbed file C:\Users\seb\AppData\Local\Programs\Python\Python39\lib\site-packages\tdvt\exprtests/standard\setup.agg.count.txt
2020-10-29 07:05:46,812 Adding globbed file C:\Users\seb\AppData\Local\Programs\Python\Python39\lib\site-packages\tdvt\exprtests/standard\setup.agg.countd.txt
2020-10-29 07:05:46,812 Adding globbed file C:\Users\seb\AppData\Local\Programs\Python\Python39\lib\site-packages\tdvt\exprtests/standard\setup.agg.max.txt
2020-10-29 07:05:46,812 Adding globbed file C:\Users\seb\AppData\Local\Programs\Python\Python39\lib\site-packages\tdvt\exprtests/standard\setup.agg.min.txt
2020-10-29 07:05:46,812 Adding globbed file C:\Users\seb\AppData\Local\Programs\Python\Python39\lib\site-packages\tdvt\exprtests/standard\setup.agg.stddev.txt
2020-10-29 07:05:46,812 Adding globbed file C:\Users\seb\AppData\Local\Programs\Python\Python39\lib\site-packages\tdvt\exprtests/standard\setup.agg.sum.txt
2020-10-29 07:05:46,812 Adding globbed file C:\Users\seb\AppData\Local\Programs\Python\Python39\lib\site-packages\tdvt\exprtests/standard\setup.agg.var.txt
2020-10-29 07:05:46,812 Adding globbed file C:\Users\seb\AppData\Local\Programs\Python\Python39\lib\site-packages\tdvt\exprtests/standard\setup.calcs_data.txt
2020-10-29 07:05:46,812 Adding globbed file C:\Users\seb\AppData\Local\Programs\Python\Python39\lib\site-packages\tdvt\exprtests/standard\setup.cast.float.string.txt
2020-10-29 07:05:46,812 Adding globbed file C:\Users\seb\AppData\Local\Programs\Python\Python39\lib\site-packages\tdvt\exprtests/standard\setup.cast.float.txt
2020-10-29 07:05:46,812 Adding globbed file C:\Users\seb\AppData\Local\Programs\Python\Python39\lib\site-packages\tdvt\exprtests/standard\setup.cast.int.nulls.txt
2020-10-29 07:05:46,812 Adding globbed file C:\Users\seb\AppData\Local\Programs\Python\Python39\lib\site-packages\tdvt\exprtests/standard\setup.cast.int.txt
2020-10-29 07:05:46,812 Adding globbed file C:\Users\seb\AppData\Local\Programs\Python\Python39\lib\site-packages\tdvt\exprtests/standard\setup.cast.str.date.txt
2020-10-29 07:05:46,812 Adding globbed file C:\Users\seb\AppData\Local\Programs\Python\Python39\lib\site-packages\tdvt\exprtests/standard\setup.cast.str.str.txt
2020-10-29 07:05:46,812 Adding globbed file C:\Users\seb\AppData\Local\Programs\Python\Python39\lib\site-packages\tdvt\exprtests/standard\setup.cast.str.txt
2020-10-29 07:05:46,812 Adding globbed file C:\Users\seb\AppData\Local\Programs\Python\Python39\lib\site-packages\tdvt\exprtests/standard\setup.date.B639952.txt
2020-10-29 07:05:46,812 Adding globbed file C:\Users\seb\AppData\Local\Programs\Python\Python39\lib\site-packages\tdvt\exprtests/standard\setup.date.cast.date.txt
2020-10-29 07:05:46,812 Adding globbed file C:\Users\seb\AppData\Local\Programs\Python\Python39\lib\site-packages\tdvt\exprtests/standard\setup.date.cast.datetime.630831.txt
2020-10-29 07:05:46,812 Adding globbed file C:\Users\seb\AppData\Local\Programs\Python\Python39\lib\site-packages\tdvt\exprtests/standard\setup.date.cast.datetime.txt
2020-10-29 07:05:46,812 Adding globbed file C:\Users\seb\AppData\Local\Programs\Python\Python39\lib\site-packages\tdvt\exprtests/standard\setup.date.cast.float.extended.txt
2020-10-29 07:05:46,812 Adding globbed file C:\Users\seb\AppData\Local\Programs\Python\Python39\lib\site-packages\tdvt\exprtests/standard\setup.date.cast.float.txt
2020-10-29 07:05:46,812 Adding globbed file C:\Users\seb\AppData\Local\Programs\Python\Python39\lib\site-packages\tdvt\exprtests/standard\setup.date.cast.int.extended.txt
2020-10-29 07:05:46,812 Adding globbed file C:\Users\seb\AppData\Local\Programs\Python\Python39\lib\site-packages\tdvt\exprtests/standard\setup.date.cast.num_to_date.txt
2020-10-29 07:05:46,812 Adding globbed file C:\Users\seb\AppData\Local\Programs\Python\Python39\lib\site-packages\tdvt\exprtests/standard\setup.date.cast.str.txt
2020-10-29 07:05:46,812 Adding globbed file C:\Users\seb\AppData\Local\Programs\Python\Python39\lib\site-packages\tdvt\exprtests/standard\setup.date.dateadd.day.txt
2020-10-29 07:05:46,812 Adding globbed file C:\Users\seb\AppData\Local\Programs\Python\Python39\lib\site-packages\tdvt\exprtests/standard\setup.date.dateadd.dayofyear.txt
2020-10-29 07:05:46,812 Adding globbed file C:\Users\seb\AppData\Local\Programs\Python\Python39\lib\site-packages\tdvt\exprtests/standard\setup.date.dateadd.hour.txt
2020-10-29 07:05:46,812 Adding globbed file C:\Users\seb\AppData\Local\Programs\Python\Python39\lib\site-packages\tdvt\exprtests/standard\setup.date.dateadd.minute.txt
2020-10-29 07:05:46,812 Adding globbed file C:\Users\seb\AppData\Local\Programs\Python\Python39\lib\site-packages\tdvt\exprtests/standard\setup.date.dateadd.month.txt
2020-10-29 07:05:46,812 Adding globbed file C:\Users\seb\AppData\Local\Programs\Python\Python39\lib\site-packages\tdvt\exprtests/standard\setup.date.dateadd.nulls.txt
2020-10-29 07:05:46,812 Adding globbed file C:\Users\seb\AppData\Local\Programs\Python\Python39\lib\site-packages\tdvt\exprtests/standard\setup.date.dateadd.quarter.txt
2020-10-29 07:05:46,812 Adding globbed file C:\Users\seb\AppData\Local\Programs\Python\Python39\lib\site-packages\tdvt\exprtests/standard\setup.date.dateadd.second.txt
2020-10-29 07:05:46,812 Adding globbed file C:\Users\seb\AppData\Local\Programs\Python\Python39\lib\site-packages\tdvt\exprtests/standard\setup.date.dateadd.week.txt
2020-10-29 07:05:46,812 Adding globbed file C:\Users\seb\AppData\Local\Programs\Python\Python39\lib\site-packages\tdvt\exprtests/standard\setup.date.dateadd.weekday.txt
2020-10-29 07:05:46,812 Adding globbed file C:\Users\seb\AppData\Local\Programs\Python\Python39\lib\site-packages\tdvt\exprtests/standard\setup.date.dateadd.year.txt
2020-10-29 07:05:46,812 Adding globbed file C:\Users\seb\AppData\Local\Programs\Python\Python39\lib\site-packages\tdvt\exprtests/standard\setup.date.datediff.day.txt
2020-10-29 07:05:46,812 Adding globbed file C:\Users\seb\AppData\Local\Programs\Python\Python39\lib\site-packages\tdvt\exprtests/standard\setup.date.datediff.dayofyear.txt
2020-10-29 07:05:46,812 Adding globbed file C:\Users\seb\AppData\Local\Programs\Python\Python39\lib\site-packages\tdvt\exprtests/standard\setup.date.datediff.hour.txt
2020-10-29 07:05:46,812 Adding globbed file C:\Users\seb\AppData\Local\Programs\Python\Python39\lib\site-packages\tdvt\exprtests/standard\setup.date.datediff.minute.txt
2020-10-29 07:05:46,812 Adding globbed file C:\Users\seb\AppData\Local\Programs\Python\Python39\lib\site-packages\tdvt\exprtests/standard\setup.date.datediff.month.txt
2020-10-29 07:05:46,812 Adding globbed file C:\Users\seb\AppData\Local\Programs\Python\Python39\lib\site-packages\tdvt\exprtests/standard\setup.date.datediff.nulls.txt
2020-10-29 07:05:46,812 Adding globbed file C:\Users\seb\AppData\Local\Programs\Python\Python39\lib\site-packages\tdvt\exprtests/standard\setup.date.datediff.quarter.txt
2020-10-29 07:05:46,812 Adding globbed file C:\Users\seb\AppData\Local\Programs\Python\Python39\lib\site-packages\tdvt\exprtests/standard\setup.date.datediff.second.txt
2020-10-29 07:05:46,812 Adding globbed file C:\Users\seb\AppData\Local\Programs\Python\Python39\lib\site-packages\tdvt\exprtests/standard\setup.date.datediff.sow.day.txt
2020-10-29 07:05:46,812 Adding globbed file C:\Users\seb\AppData\Local\Programs\Python\Python39\lib\site-packages\tdvt\exprtests/standard\setup.date.datediff.sow.dayofyear.txt
2020-10-29 07:05:46,812 Adding globbed file C:\Users\seb\AppData\Local\Programs\Python\Python39\lib\site-packages\tdvt\exprtests/standard\setup.date.datediff.sow.hour.txt
2020-10-29 07:05:46,812 Adding globbed file C:\Users\seb\AppData\Local\Programs\Python\Python39\lib\site-packages\tdvt\exprtests/standard\setup.date.datediff.sow.minute.txt
2020-10-29 07:05:46,812 Adding globbed file C:\Users\seb\AppData\Local\Programs\Python\Python39\lib\site-packages\tdvt\exprtests/standard\setup.date.datediff.sow.month.txt
2020-10-29 07:05:46,812 Adding globbed file C:\Users\seb\AppData\Local\Programs\Python\Python39\lib\site-packages\tdvt\exprtests/standard\setup.date.datediff.sow.nulls.txt
2020-10-29 07:05:46,812 Adding globbed file C:\Users\seb\AppData\Local\Programs\Python\Python39\lib\site-packages\tdvt\exprtests/standard\setup.date.datediff.sow.quarter.txt
2020-10-29 07:05:46,812 Adding globbed file C:\Users\seb\AppData\Local\Programs\Python\Python39\lib\site-packages\tdvt\exprtests/standard\setup.date.datediff.sow.second.txt
2020-10-29 07:05:46,812 Adding globbed file C:\Users\seb\AppData\Local\Programs\Python\Python39\lib\site-packages\tdvt\exprtests/standard\setup.date.datediff.sow.week.txt
2020-10-29 07:05:46,812 Adding globbed file C:\Users\seb\AppData\Local\Programs\Python\Python39\lib\site-packages\tdvt\exprtests/standard\setup.date.datediff.sow.weekday.txt
2020-10-29 07:05:46,812 Adding globbed file C:\Users\seb\AppData\Local\Programs\Python\Python39\lib\site-packages\tdvt\exprtests/standard\setup.date.datediff.sow.year.txt
2020-10-29 07:05:46,812 Adding globbed file C:\Users\seb\AppData\Local\Programs\Python\Python39\lib\site-packages\tdvt\exprtests/standard\setup.date.datediff.week.extended.txt
2020-10-29 07:05:46,812 Adding globbed file C:\Users\seb\AppData\Local\Programs\Python\Python39\lib\site-packages\tdvt\exprtests/standard\setup.date.datediff.week.txt
2020-10-29 07:05:46,812 Adding globbed file C:\Users\seb\AppData\Local\Programs\Python\Python39\lib\site-packages\tdvt\exprtests/standard\setup.date.datediff.weekday.txt
2020-10-29 07:05:46,812 Adding globbed file C:\Users\seb\AppData\Local\Programs\Python\Python39\lib\site-packages\tdvt\exprtests/standard\setup.date.datediff.year.txt
2020-10-29 07:05:46,812 Adding globbed file C:\Users\seb\AppData\Local\Programs\Python\Python39\lib\site-packages\tdvt\exprtests/standard\setup.date.datename.day.txt
2020-10-29 07:05:46,812 Adding globbed file C:\Users\seb\AppData\Local\Programs\Python\Python39\lib\site-packages\tdvt\exprtests/standard\setup.date.datename.dayofyear.txt
2020-10-29 07:05:46,812 Adding globbed file C:\Users\seb\AppData\Local\Programs\Python\Python39\lib\site-packages\tdvt\exprtests/standard\setup.date.datename.hour.txt
2020-10-29 07:05:46,812 Adding globbed file C:\Users\seb\AppData\Local\Programs\Python\Python39\lib\site-packages\tdvt\exprtests/standard\setup.date.datename.minute.txt
2020-10-29 07:05:46,812 Adding globbed file C:\Users\seb\AppData\Local\Programs\Python\Python39\lib\site-packages\tdvt\exprtests/standard\setup.date.datename.month.txt
2020-10-29 07:05:46,812 Adding globbed file C:\Users\seb\AppData\Local\Programs\Python\Python39\lib\site-packages\tdvt\exprtests/standard\setup.date.datename.nulls.txt
2020-10-29 07:05:46,812 Adding globbed file C:\Users\seb\AppData\Local\Programs\Python\Python39\lib\site-packages\tdvt\exprtests/standard\setup.date.datename.quarter.txt
2020-10-29 07:05:46,812 Adding globbed file C:\Users\seb\AppData\Local\Programs\Python\Python39\lib\site-packages\tdvt\exprtests/standard\setup.date.datename.second.txt
2020-10-29 07:05:46,812 Adding globbed file C:\Users\seb\AppData\Local\Programs\Python\Python39\lib\site-packages\tdvt\exprtests/standard\setup.date.datename.sow.day.txt
2020-10-29 07:05:46,812 Adding globbed file C:\Users\seb\AppData\Local\Programs\Python\Python39\lib\site-packages\tdvt\exprtests/standard\setup.date.datename.sow.dayofyear.txt
2020-10-29 07:05:46,812 Adding globbed file C:\Users\seb\AppData\Local\Programs\Python\Python39\lib\site-packages\tdvt\exprtests/standard\setup.date.datename.sow.hour.txt
2020-10-29 07:05:46,812 Adding globbed file C:\Users\seb\AppData\Local\Programs\Python\Python39\lib\site-packages\tdvt\exprtests/standard\setup.date.datename.sow.minute.txt
2020-10-29 07:05:46,812 Adding globbed file C:\Users\seb\AppData\Local\Programs\Python\Python39\lib\site-packages\tdvt\exprtests/standard\setup.date.datename.sow.month.txt
2020-10-29 07:05:46,812 Adding globbed file C:\Users\seb\AppData\Local\Programs\Python\Python39\lib\site-packages\tdvt\exprtests/standard\setup.date.datename.sow.nulls.txt
2020-10-29 07:05:46,812 Adding globbed file C:\Users\seb\AppData\Local\Programs\Python\Python39\lib\site-packages\tdvt\exprtests/standard\setup.date.datename.sow.quarter.txt
2020-10-29 07:05:46,812 Adding globbed file C:\Users\seb\AppData\Local\Programs\Python\Python39\lib\site-packages\tdvt\exprtests/standard\setup.date.datename.sow.second.txt
2020-10-29 07:05:46,812 Adding globbed file C:\Users\seb\AppData\Local\Programs\Python\Python39\lib\site-packages\tdvt\exprtests/standard\setup.date.datename.sow.week.txt
2020-10-29 07:05:46,812 Adding globbed file C:\Users\seb\AppData\Local\Programs\Python\Python39\lib\site-packages\tdvt\exprtests/standard\setup.date.datename.sow.weekday.txt
2020-10-29 07:05:46,812 Adding globbed file C:\Users\seb\AppData\Local\Programs\Python\Python39\lib\site-packages\tdvt\exprtests/standard\setup.date.datename.sow.year.txt
2020-10-29 07:05:46,812 Adding globbed file C:\Users\seb\AppData\Local\Programs\Python\Python39\lib\site-packages\tdvt\exprtests/standard\setup.date.datename.week.txt
2020-10-29 07:05:46,812 Adding globbed file C:\Users\seb\AppData\Local\Programs\Python\Python39\lib\site-packages\tdvt\exprtests/standard\setup.date.datename.weekday.txt
2020-10-29 07:05:46,812 Adding globbed file C:\Users\seb\AppData\Local\Programs\Python\Python39\lib\site-packages\tdvt\exprtests/standard\setup.date.datename.year.txt
2020-10-29 07:05:46,812 Adding globbed file C:\Users\seb\AppData\Local\Programs\Python\Python39\lib\site-packages\tdvt\exprtests/standard\setup.date.datepart.dateadd.defect603107.txt
2020-10-29 07:05:46,812 Adding globbed file C:\Users\seb\AppData\Local\Programs\Python\Python39\lib\site-packages\tdvt\exprtests/standard\setup.date.datepart.day.txt
2020-10-29 07:05:46,812 Adding globbed file C:\Users\seb\AppData\Local\Programs\Python\Python39\lib\site-packages\tdvt\exprtests/standard\setup.date.datepart.dayofyear.txt
2020-10-29 07:05:46,812 Adding globbed file C:\Users\seb\AppData\Local\Programs\Python\Python39\lib\site-packages\tdvt\exprtests/standard\setup.date.datepart.hour.txt
2020-10-29 07:05:46,812 Adding globbed file C:\Users\seb\AppData\Local\Programs\Python\Python39\lib\site-packages\tdvt\exprtests/standard\setup.date.datepart.minute.txt
2020-10-29 07:05:46,812 Adding globbed file C:\Users\seb\AppData\Local\Programs\Python\Python39\lib\site-packages\tdvt\exprtests/standard\setup.date.datepart.month.txt
2020-10-29 07:05:46,812 Adding globbed file C:\Users\seb\AppData\Local\Programs\Python\Python39\lib\site-packages\tdvt\exprtests/standard\setup.date.datepart.nulls.txt
2020-10-29 07:05:46,812 Adding globbed file C:\Users\seb\AppData\Local\Programs\Python\Python39\lib\site-packages\tdvt\exprtests/standard\setup.date.datepart.quarter.txt
2020-10-29 07:05:46,812 Adding globbed file C:\Users\seb\AppData\Local\Programs\Python\Python39\lib\site-packages\tdvt\exprtests/standard\setup.date.datepart.second.ms.txt
2020-10-29 07:05:46,812 Adding globbed file C:\Users\seb\AppData\Local\Programs\Python\Python39\lib\site-packages\tdvt\exprtests/standard\setup.date.datepart.second.txt
2020-10-29 07:05:46,812 Adding globbed file C:\Users\seb\AppData\Local\Programs\Python\Python39\lib\site-packages\tdvt\exprtests/standard\setup.date.datepart.sow.day.txt
2020-10-29 07:05:46,812 Adding globbed file C:\Users\seb\AppData\Local\Programs\Python\Python39\lib\site-packages\tdvt\exprtests/standard\setup.date.datepart.sow.dayofyear.txt
2020-10-29 07:05:46,812 Adding globbed file C:\Users\seb\AppData\Local\Programs\Python\Python39\lib\site-packages\tdvt\exprtests/standard\setup.date.datepart.sow.hour.txt
2020-10-29 07:05:46,812 Adding globbed file C:\Users\seb\AppData\Local\Programs\Python\Python39\lib\site-packages\tdvt\exprtests/standard\setup.date.datepart.sow.minute.txt
2020-10-29 07:05:46,812 Adding globbed file C:\Users\seb\AppData\Local\Programs\Python\Python39\lib\site-packages\tdvt\exprtests/standard\setup.date.datepart.sow.month.txt
2020-10-29 07:05:46,812 Adding globbed file C:\Users\seb\AppData\Local\Programs\Python\Python39\lib\site-packages\tdvt\exprtests/standard\setup.date.datepart.sow.nulls.txt
2020-10-29 07:05:46,812 Adding globbed file C:\Users\seb\AppData\Local\Programs\Python\Python39\lib\site-packages\tdvt\exprtests/standard\setup.date.datepart.sow.quarter.txt
2020-10-29 07:05:46,812 Adding globbed file C:\Users\seb\AppData\Local\Programs\Python\Python39\lib\site-packages\tdvt\exprtests/standard\setup.date.datepart.sow.second.txt
2020-10-29 07:05:46,812 Adding globbed file C:\Users\seb\AppData\Local\Programs\Python\Python39\lib\site-packages\tdvt\exprtests/standard\setup.date.datepart.sow.week.txt
2020-10-29 07:05:46,812 Adding globbed file C:\Users\seb\AppData\Local\Programs\Python\Python39\lib\site-packages\tdvt\exprtests/standard\setup.date.datepart.sow.weekday.txt
2020-10-29 07:05:46,812 Adding globbed file C:\Users\seb\AppData\Local\Programs\Python\Python39\lib\site-packages\tdvt\exprtests/standard\setup.date.datepart.sow.year.txt
2020-10-29 07:05:46,812 Adding globbed file C:\Users\seb\AppData\Local\Programs\Python\Python39\lib\site-packages\tdvt\exprtests/standard\setup.date.datepart.week.txt
2020-10-29 07:05:46,812 Adding globbed file C:\Users\seb\AppData\Local\Programs\Python\Python39\lib\site-packages\tdvt\exprtests/standard\setup.date.datepart.weekday.txt
2020-10-29 07:05:46,812 Adding globbed file C:\Users\seb\AppData\Local\Programs\Python\Python39\lib\site-packages\tdvt\exprtests/standard\setup.date.datepart.year.txt
2020-10-29 07:05:46,812 Adding globbed file C:\Users\seb\AppData\Local\Programs\Python\Python39\lib\site-packages\tdvt\exprtests/standard\setup.date.datetrunc.day.txt
2020-10-29 07:05:46,812 Adding globbed file C:\Users\seb\AppData\Local\Programs\Python\Python39\lib\site-packages\tdvt\exprtests/standard\setup.date.datetrunc.dayofyear.txt
2020-10-29 07:05:46,812 Adding globbed file C:\Users\seb\AppData\Local\Programs\Python\Python39\lib\site-packages\tdvt\exprtests/standard\setup.date.datetrunc.hour.txt
2020-10-29 07:05:46,812 Adding globbed file C:\Users\seb\AppData\Local\Programs\Python\Python39\lib\site-packages\tdvt\exprtests/standard\setup.date.datetrunc.minute.txt
2020-10-29 07:05:46,812 Adding globbed file C:\Users\seb\AppData\Local\Programs\Python\Python39\lib\site-packages\tdvt\exprtests/standard\setup.date.datetrunc.month.txt
2020-10-29 07:05:46,812 Adding globbed file C:\Users\seb\AppData\Local\Programs\Python\Python39\lib\site-packages\tdvt\exprtests/standard\setup.date.datetrunc.nulls.txt
2020-10-29 07:05:46,812 Adding globbed file C:\Users\seb\AppData\Local\Programs\Python\Python39\lib\site-packages\tdvt\exprtests/standard\setup.date.datetrunc.quarter.txt
2020-10-29 07:05:46,812 Adding globbed file C:\Users\seb\AppData\Local\Programs\Python\Python39\lib\site-packages\tdvt\exprtests/standard\setup.date.datetrunc.second.txt
2020-10-29 07:05:46,812 Adding globbed file C:\Users\seb\AppData\Local\Programs\Python\Python39\lib\site-packages\tdvt\exprtests/standard\setup.date.datetrunc.sow.day.txt
2020-10-29 07:05:46,812 Adding globbed file C:\Users\seb\AppData\Local\Programs\Python\Python39\lib\site-packages\tdvt\exprtests/standard\setup.date.datetrunc.sow.dayofyear.txt
2020-10-29 07:05:46,812 Adding globbed file C:\Users\seb\AppData\Local\Programs\Python\Python39\lib\site-packages\tdvt\exprtests/standard\setup.date.datetrunc.sow.hour.txt
2020-10-29 07:05:46,812 Adding globbed file C:\Users\seb\AppData\Local\Programs\Python\Python39\lib\site-packages\tdvt\exprtests/standard\setup.date.datetrunc.sow.minute.txt
2020-10-29 07:05:46,812 Adding globbed file C:\Users\seb\AppData\Local\Programs\Python\Python39\lib\site-packages\tdvt\exprtests/standard\setup.date.datetrunc.sow.month.txt
2020-10-29 07:05:46,812 Adding globbed file C:\Users\seb\AppData\Local\Programs\Python\Python39\lib\site-packages\tdvt\exprtests/standard\setup.date.datetrunc.sow.nulls.txt
2020-10-29 07:05:46,812 Adding globbed file C:\Users\seb\AppData\Local\Programs\Python\Python39\lib\site-packages\tdvt\exprtests/standard\setup.date.datetrunc.sow.quarter.txt
2020-10-29 07:05:46,812 Adding globbed file C:\Users\seb\AppData\Local\Programs\Python\Python39\lib\site-packages\tdvt\exprtests/standard\setup.date.datetrunc.sow.second.txt
2020-10-29 07:05:46,812 Adding globbed file C:\Users\seb\AppData\Local\Programs\Python\Python39\lib\site-packages\tdvt\exprtests/standard\setup.date.datetrunc.sow.week.txt
2020-10-29 07:05:46,812 Adding globbed file C:\Users\seb\AppData\Local\Programs\Python\Python39\lib\site-packages\tdvt\exprtests/standard\setup.date.datetrunc.sow.weekday.txt
2020-10-29 07:05:46,812 Adding globbed file C:\Users\seb\AppData\Local\Programs\Python\Python39\lib\site-packages\tdvt\exprtests/standard\setup.date.datetrunc.sow.year.txt
2020-10-29 07:05:46,812 Adding globbed file C:\Users\seb\AppData\Local\Programs\Python\Python39\lib\site-packages\tdvt\exprtests/standard\setup.date.datetrunc.week.txt
2020-10-29 07:05:46,812 Adding globbed file C:\Users\seb\AppData\Local\Programs\Python\Python39\lib\site-packages\tdvt\exprtests/standard\setup.date.datetrunc.weekday.txt
2020-10-29 07:05:46,812 Adding globbed file C:\Users\seb\AppData\Local\Programs\Python\Python39\lib\site-packages\tdvt\exprtests/standard\setup.date.datetrunc.year.txt
2020-10-29 07:05:46,812 Adding globbed file C:\Users\seb\AppData\Local\Programs\Python\Python39\lib\site-packages\tdvt\exprtests/standard\setup.date.math.date_minus_date.txt
2020-10-29 07:05:46,812 Adding globbed file C:\Users\seb\AppData\Local\Programs\Python\Python39\lib\site-packages\tdvt\exprtests/standard\setup.date.math.txt
2020-10-29 07:05:46,812 Adding globbed file C:\Users\seb\AppData\Local\Programs\Python\Python39\lib\site-packages\tdvt\exprtests/standard\setup.date.max.txt
2020-10-29 07:05:46,812 Adding globbed file C:\Users\seb\AppData\Local\Programs\Python\Python39\lib\site-packages\tdvt\exprtests/standard\setup.date.min.txt
2020-10-29 07:05:46,812 Adding globbed file C:\Users\seb\AppData\Local\Programs\Python\Python39\lib\site-packages\tdvt\exprtests/standard\setup.date.misc.txt
2020-10-29 07:05:46,812 Adding globbed file C:\Users\seb\AppData\Local\Programs\Python\Python39\lib\site-packages\tdvt\exprtests/standard\setup.date.now.txt
2020-10-29 07:05:46,812 Adding globbed file C:\Users\seb\AppData\Local\Programs\Python\Python39\lib\site-packages\tdvt\exprtests/standard\setup.date.today.txt
2020-10-29 07:05:46,812 Adding globbed file C:\Users\seb\AppData\Local\Programs\Python\Python39\lib\site-packages\tdvt\exprtests/standard\setup.datetime.cast.date.txt
2020-10-29 07:05:46,812 Adding globbed file C:\Users\seb\AppData\Local\Programs\Python\Python39\lib\site-packages\tdvt\exprtests/standard\setup.datetime.cast.float.txt
2020-10-29 07:05:46,812 Adding globbed file C:\Users\seb\AppData\Local\Programs\Python\Python39\lib\site-packages\tdvt\exprtests/standard\setup.datetime.cast.str.txt
2020-10-29 07:05:46,812 Adding globbed file C:\Users\seb\AppData\Local\Programs\Python\Python39\lib\site-packages\tdvt\exprtests/standard\setup.logical.bool.txt
2020-10-29 07:05:46,812 Adding globbed file C:\Users\seb\AppData\Local\Programs\Python\Python39\lib\site-packages\tdvt\exprtests/standard\setup.logical.case.null.txt
2020-10-29 07:05:46,812 Adding globbed file C:\Users\seb\AppData\Local\Programs\Python\Python39\lib\site-packages\tdvt\exprtests/standard\setup.logical.case.str.txt
2020-10-29 07:05:46,812 Adding globbed file C:\Users\seb\AppData\Local\Programs\Python\Python39\lib\site-packages\tdvt\exprtests/standard\setup.logical.ifnull.txt
2020-10-29 07:05:46,812 Adding globbed file C:\Users\seb\AppData\Local\Programs\Python\Python39\lib\site-packages\tdvt\exprtests/standard\setup.logical.txt
2020-10-29 07:05:46,812 Adding globbed file C:\Users\seb\AppData\Local\Programs\Python\Python39\lib\site-packages\tdvt\exprtests/standard\setup.math.abs.txt
2020-10-29 07:05:46,812 Adding globbed file C:\Users\seb\AppData\Local\Programs\Python\Python39\lib\site-packages\tdvt\exprtests/standard\setup.math.acos.txt
2020-10-29 07:05:46,812 Adding globbed file C:\Users\seb\AppData\Local\Programs\Python\Python39\lib\site-packages\tdvt\exprtests/standard\setup.math.asin.txt
2020-10-29 07:05:46,812 Adding globbed file C:\Users\seb\AppData\Local\Programs\Python\Python39\lib\site-packages\tdvt\exprtests/standard\setup.math.atan.txt
2020-10-29 07:05:46,812 Adding globbed file C:\Users\seb\AppData\Local\Programs\Python\Python39\lib\site-packages\tdvt\exprtests/standard\setup.math.atan2.txt
2020-10-29 07:05:46,812 Adding globbed file C:\Users\seb\AppData\Local\Programs\Python\Python39\lib\site-packages\tdvt\exprtests/standard\setup.math.ceilfloor.txt
2020-10-29 07:05:46,812 Adding globbed file C:\Users\seb\AppData\Local\Programs\Python\Python39\lib\site-packages\tdvt\exprtests/standard\setup.math.cos.txt
2020-10-29 07:05:46,812 Adding globbed file C:\Users\seb\AppData\Local\Programs\Python\Python39\lib\site-packages\tdvt\exprtests/standard\setup.math.cot.txt
2020-10-29 07:05:46,812 Adding globbed file C:\Users\seb\AppData\Local\Programs\Python\Python39\lib\site-packages\tdvt\exprtests/standard\setup.math.degree.txt
2020-10-29 07:05:46,812 Adding globbed file C:\Users\seb\AppData\Local\Programs\Python\Python39\lib\site-packages\tdvt\exprtests/standard\setup.math.div.txt
2020-10-29 07:05:46,812 Adding globbed file C:\Users\seb\AppData\Local\Programs\Python\Python39\lib\site-packages\tdvt\exprtests/standard\setup.math.exp.txt
2020-10-29 07:05:46,812 Adding globbed file C:\Users\seb\AppData\Local\Programs\Python\Python39\lib\site-packages\tdvt\exprtests/standard\setup.math.hexbin.txt
2020-10-29 07:05:46,812 Adding globbed file C:\Users\seb\AppData\Local\Programs\Python\Python39\lib\site-packages\tdvt\exprtests/standard\setup.math.ln.txt
2020-10-29 07:05:46,812 Adding globbed file C:\Users\seb\AppData\Local\Programs\Python\Python39\lib\site-packages\tdvt\exprtests/standard\setup.math.log.txt
2020-10-29 07:05:46,812 Adding globbed file C:\Users\seb\AppData\Local\Programs\Python\Python39\lib\site-packages\tdvt\exprtests/standard\setup.math.max.txt
2020-10-29 07:05:46,812 Adding globbed file C:\Users\seb\AppData\Local\Programs\Python\Python39\lib\site-packages\tdvt\exprtests/standard\setup.math.min.txt
2020-10-29 07:05:46,812 Adding globbed file C:\Users\seb\AppData\Local\Programs\Python\Python39\lib\site-packages\tdvt\exprtests/standard\setup.math.pi.txt
2020-10-29 07:05:46,812 Adding globbed file C:\Users\seb\AppData\Local\Programs\Python\Python39\lib\site-packages\tdvt\exprtests/standard\setup.math.power.real.txt
2020-10-29 07:05:46,812 Adding globbed file C:\Users\seb\AppData\Local\Programs\Python\Python39\lib\site-packages\tdvt\exprtests/standard\setup.math.power.txt
2020-10-29 07:05:46,812 Adding globbed file C:\Users\seb\AppData\Local\Programs\Python\Python39\lib\site-packages\tdvt\exprtests/standard\setup.math.radians.txt
2020-10-29 07:05:46,812 Adding globbed file C:\Users\seb\AppData\Local\Programs\Python\Python39\lib\site-packages\tdvt\exprtests/standard\setup.math.round.B584401.txt
2020-10-29 07:05:46,812 Adding globbed file C:\Users\seb\AppData\Local\Programs\Python\Python39\lib\site-packages\tdvt\exprtests/standard\setup.math.round.txt
2020-10-29 07:05:46,828 Adding globbed file C:\Users\seb\AppData\Local\Programs\Python\Python39\lib\site-packages\tdvt\exprtests/standard\setup.math.sign.txt
2020-10-29 07:05:46,828 Adding globbed file C:\Users\seb\AppData\Local\Programs\Python\Python39\lib\site-packages\tdvt\exprtests/standard\setup.math.sin.txt
2020-10-29 07:05:46,828 Adding globbed file C:\Users\seb\AppData\Local\Programs\Python\Python39\lib\site-packages\tdvt\exprtests/standard\setup.math.sqrt.txt
2020-10-29 07:05:46,828 Adding globbed file C:\Users\seb\AppData\Local\Programs\Python\Python39\lib\site-packages\tdvt\exprtests/standard\setup.math.square.txt
2020-10-29 07:05:46,828 Adding globbed file C:\Users\seb\AppData\Local\Programs\Python\Python39\lib\site-packages\tdvt\exprtests/standard\setup.math.tan.txt
2020-10-29 07:05:46,828 Adding globbed file C:\Users\seb\AppData\Local\Programs\Python\Python39\lib\site-packages\tdvt\exprtests/standard\setup.math.zn.txt
2020-10-29 07:05:46,828 Adding globbed file C:\Users\seb\AppData\Local\Programs\Python\Python39\lib\site-packages\tdvt\exprtests/standard\setup.operator.bool.txt
2020-10-29 07:05:46,828 Adding globbed file C:\Users\seb\AppData\Local\Programs\Python\Python39\lib\site-packages\tdvt\exprtests/standard\setup.operator.date.txt
2020-10-29 07:05:46,828 Adding globbed file C:\Users\seb\AppData\Local\Programs\Python\Python39\lib\site-packages\tdvt\exprtests/standard\setup.operator.int.txt
2020-10-29 07:05:46,828 Adding globbed file C:\Users\seb\AppData\Local\Programs\Python\Python39\lib\site-packages\tdvt\exprtests/standard\setup.operator.num.txt
2020-10-29 07:05:46,828 Adding globbed file C:\Users\seb\AppData\Local\Programs\Python\Python39\lib\site-packages\tdvt\exprtests/standard\setup.operator.str.txt
2020-10-29 07:05:46,828 Adding globbed file C:\Users\seb\AppData\Local\Programs\Python\Python39\lib\site-packages\tdvt\exprtests/standard\setup.string.ascii.txt
2020-10-29 07:05:46,828 Adding globbed file C:\Users\seb\AppData\Local\Programs\Python\Python39\lib\site-packages\tdvt\exprtests/standard\setup.string.B21622.txt
2020-10-29 07:05:46,828 Adding globbed file C:\Users\seb\AppData\Local\Programs\Python\Python39\lib\site-packages\tdvt\exprtests/standard\setup.string.char.txt
2020-10-29 07:05:46,828 Adding globbed file C:\Users\seb\AppData\Local\Programs\Python\Python39\lib\site-packages\tdvt\exprtests/standard\setup.string.constants.txt
2020-10-29 07:05:46,828 Adding globbed file C:\Users\seb\AppData\Local\Programs\Python\Python39\lib\site-packages\tdvt\exprtests/standard\setup.string.contains.empty.txt
2020-10-29 07:05:46,828 Adding globbed file C:\Users\seb\AppData\Local\Programs\Python\Python39\lib\site-packages\tdvt\exprtests/standard\setup.string.contains.regex.txt
2020-10-29 07:05:46,828 Adding globbed file C:\Users\seb\AppData\Local\Programs\Python\Python39\lib\site-packages\tdvt\exprtests/standard\setup.string.contains.txt
2020-10-29 07:05:46,828 Adding globbed file C:\Users\seb\AppData\Local\Programs\Python\Python39\lib\site-packages\tdvt\exprtests/standard\setup.string.endswith.txt
2020-10-29 07:05:46,828 Adding globbed file C:\Users\seb\AppData\Local\Programs\Python\Python39\lib\site-packages\tdvt\exprtests/standard\setup.string.find.txt
2020-10-29 07:05:46,828 Adding globbed file C:\Users\seb\AppData\Local\Programs\Python\Python39\lib\site-packages\tdvt\exprtests/standard\setup.string.isdate.txt
2020-10-29 07:05:46,828 Adding globbed file C:\Users\seb\AppData\Local\Programs\Python\Python39\lib\site-packages\tdvt\exprtests/standard\setup.string.left.negative.txt
2020-10-29 07:05:46,828 Adding globbed file C:\Users\seb\AppData\Local\Programs\Python\Python39\lib\site-packages\tdvt\exprtests/standard\setup.string.left.real.txt
2020-10-29 07:05:46,828 Adding globbed file C:\Users\seb\AppData\Local\Programs\Python\Python39\lib\site-packages\tdvt\exprtests/standard\setup.string.left.txt
2020-10-29 07:05:46,828 Adding globbed file C:\Users\seb\AppData\Local\Programs\Python\Python39\lib\site-packages\tdvt\exprtests/standard\setup.string.len.txt
2020-10-29 07:05:46,828 Adding globbed file C:\Users\seb\AppData\Local\Programs\Python\Python39\lib\site-packages\tdvt\exprtests/standard\setup.string.lower.txt
2020-10-29 07:05:46,828 Adding globbed file C:\Users\seb\AppData\Local\Programs\Python\Python39\lib\site-packages\tdvt\exprtests/standard\setup.string.ltrim.txt
2020-10-29 07:05:46,828 Adding globbed file C:\Users\seb\AppData\Local\Programs\Python\Python39\lib\site-packages\tdvt\exprtests/standard\setup.string.max.txt
2020-10-29 07:05:46,828 Adding globbed file C:\Users\seb\AppData\Local\Programs\Python\Python39\lib\site-packages\tdvt\exprtests/standard\setup.string.mid.calc.txt
2020-10-29 07:05:46,828 Adding globbed file C:\Users\seb\AppData\Local\Programs\Python\Python39\lib\site-packages\tdvt\exprtests/standard\setup.string.mid.txt
2020-10-29 07:05:46,828 Adding globbed file C:\Users\seb\AppData\Local\Programs\Python\Python39\lib\site-packages\tdvt\exprtests/standard\setup.string.min.txt
2020-10-29 07:05:46,828 Adding globbed file C:\Users\seb\AppData\Local\Programs\Python\Python39\lib\site-packages\tdvt\exprtests/standard\setup.string.replace.txt
2020-10-29 07:05:46,828 Adding globbed file C:\Users\seb\AppData\Local\Programs\Python\Python39\lib\site-packages\tdvt\exprtests/standard\setup.string.right.real.txt
2020-10-29 07:05:46,828 Adding globbed file C:\Users\seb\AppData\Local\Programs\Python\Python39\lib\site-packages\tdvt\exprtests/standard\setup.string.right.txt
2020-10-29 07:05:46,828 Adding globbed file C:\Users\seb\AppData\Local\Programs\Python\Python39\lib\site-packages\tdvt\exprtests/standard\setup.string.rtrim.txt
2020-10-29 07:05:46,828 Adding globbed file C:\Users\seb\AppData\Local\Programs\Python\Python39\lib\site-packages\tdvt\exprtests/standard\setup.string.space.int.constant.txt
2020-10-29 07:05:46,828 Adding globbed file C:\Users\seb\AppData\Local\Programs\Python\Python39\lib\site-packages\tdvt\exprtests/standard\setup.string.space.int.var.txt
2020-10-29 07:05:46,828 Adding globbed file C:\Users\seb\AppData\Local\Programs\Python\Python39\lib\site-packages\tdvt\exprtests/standard\setup.string.space.txt
2020-10-29 07:05:46,828 Adding globbed file C:\Users\seb\AppData\Local\Programs\Python\Python39\lib\site-packages\tdvt\exprtests/standard\setup.string.split.right.txt
2020-10-29 07:05:46,828 Adding globbed file C:\Users\seb\AppData\Local\Programs\Python\Python39\lib\site-packages\tdvt\exprtests/standard\setup.string.split.txt
2020-10-29 07:05:46,828 Adding globbed file C:\Users\seb\AppData\Local\Programs\Python\Python39\lib\site-packages\tdvt\exprtests/standard\setup.string.startswith.txt
2020-10-29 07:05:46,828 Adding globbed file C:\Users\seb\AppData\Local\Programs\Python\Python39\lib\site-packages\tdvt\exprtests/standard\setup.string.trim.txt
2020-10-29 07:05:46,828 Adding globbed file C:\Users\seb\AppData\Local\Programs\Python\Python39\lib\site-packages\tdvt\exprtests/standard\setup.string.upper.txt
2020-10-29 07:05:46,828 Adding globbed file C:\Users\seb\AppData\Local\Programs\Python\Python39\lib\site-packages\tdvt\exprtests/standard\setup.string.utf8.txt
2020-10-29 07:05:46,828 Found 208 tests to run before exclusions.
2020-10-29 07:05:46,828 Removing test that matched: re.compile('cast.str.date')
2020-10-29 07:05:46,828 Removing test that matched: re.compile('date.cast')
2020-10-29 07:05:46,828 Removing test that matched: re.compile('date.cast')
2020-10-29 07:05:46,828 Removing test that matched: re.compile('date.cast')
2020-10-29 07:05:46,828 Removing test that matched: re.compile('date.cast')
2020-10-29 07:05:46,828 Removing test that matched: re.compile('date.cast')
2020-10-29 07:05:46,828 Removing test that matched: re.compile('date.cast')
2020-10-29 07:05:46,828 Removing test that matched: re.compile('date.cast')
2020-10-29 07:05:46,828 Removing test that matched: re.compile('date.cast')
2020-10-29 07:05:46,828 Removing test that matched: re.compile('date.datediff.second')
2020-10-29 07:05:46,828 Removing test that matched: re.compile('date.datediff.sow.second')
2020-10-29 07:05:46,828 Removing test that matched: re.compile('date.datediff.sow.week')
2020-10-29 07:05:46,828 Removing test that matched: re.compile('date.datediff.sow.week')
2020-10-29 07:05:46,828 Removing test that matched: re.compile('date.datediff.week')
2020-10-29 07:05:46,828 Removing test that matched: re.compile('date.datediff.week')
2020-10-29 07:05:46,828 Removing test that matched: re.compile('date.datediff.week')
2020-10-29 07:05:46,828 Removing test that matched: re.compile('date.datepart.second')
2020-10-29 07:05:46,828 Removing test that matched: re.compile('date.datepart.second')
2020-10-29 07:05:46,828 Removing test that matched: re.compile('date.datepart.sow.second')
2020-10-29 07:05:46,828 Removing test that matched: re.compile('math.div')
2020-10-29 07:05:46,828 Removing test that matched: re.compile('string.isdate')
2020-10-29 07:05:46,828 Removing test that matched: re.compile('string.mid')
2020-10-29 07:05:46,828 Removing test that matched: re.compile('string.mid')
2020-10-29 07:05:46,828 Removing test that matched: re.compile('string.space')
2020-10-29 07:05:46,828 Removing test that matched: re.compile('string.space')
2020-10-29 07:05:46,828 Removing test that matched: re.compile('string.space')
2020-10-29 07:05:46,828 Removing test that matched: re.compile('string.split')
2020-10-29 07:05:46,828 Removing test that matched: re.compile('string.split')
2020-10-29 07:05:46,828 Found 180 tests to run after exclusions.
2020-10-29 07:05:46,828 Adding globbed file C:\Users\seb\AppData\Local\Programs\Python\Python39\lib\site-packages\tdvt\exprtests/lodcalcs\setup.lod.calcs.txt
2020-10-29 07:05:46,828 Found 1 tests to run before exclusions.
2020-10-29 07:05:46,828 Found 1 tests to run after exclusions.
2020-10-29 07:05:46,828 Iterating directory C:\Users\seb\AppData\Local\Programs\Python\Python39\lib\site-packages\tdvt\exprtests/median
2020-10-29 07:05:46,828 Adding file C:\Users\seb\AppData\Local\Programs\Python\Python39\lib\site-packages\tdvt\exprtests/median\expected.setup.agg.median.1.txt
2020-10-29 07:05:46,828 Adding file C:\Users\seb\AppData\Local\Programs\Python\Python39\lib\site-packages\tdvt\exprtests/median\expected.setup.agg.median.txt
2020-10-29 07:05:46,828 Adding file C:\Users\seb\AppData\Local\Programs\Python\Python39\lib\site-packages\tdvt\exprtests/median\setup.agg.median.txt
2020-10-29 07:05:46,828 Found 3 tests to run before exclusions.
2020-10-29 07:05:46,828 Removing test that matched: re.compile('expected.')
2020-10-29 07:05:46,828 Removing test that matched: re.compile('expected.')
2020-10-29 07:05:46,828 Found 1 tests to run after exclusions.
2020-10-29 07:05:46,828 Iterating directory C:\Users\seb\AppData\Local\Programs\Python\Python39\lib\site-packages\tdvt\exprtests/percentile
2020-10-29 07:05:46,828 Adding file C:\Users\seb\AppData\Local\Programs\Python\Python39\lib\site-packages\tdvt\exprtests/percentile\expected.setup.agg.percentile.1.txt
2020-10-29 07:05:46,828 Adding file C:\Users\seb\AppData\Local\Programs\Python\Python39\lib\site-packages\tdvt\exprtests/percentile\expected.setup.agg.percentile.txt
2020-10-29 07:05:46,828 Adding file C:\Users\seb\AppData\Local\Programs\Python\Python39\lib\site-packages\tdvt\exprtests/percentile\setup.agg.percentile.txt
2020-10-29 07:05:46,828 Found 3 tests to run before exclusions.
2020-10-29 07:05:46,828 Removing test that matched: re.compile('expected.')
2020-10-29 07:05:46,828 Removing test that matched: re.compile('expected.')
2020-10-29 07:05:46,828 Found 1 tests to run after exclusions.
2020-10-29 07:05:46,828 Iterating directory C:\Users\seb\AppData\Local\Programs\Python\Python39\lib\site-packages\tdvt\exprtests/pretest/
2020-10-29 07:05:46,828 Adding file C:\Users\seb\AppData\Local\Programs\Python\Python39\lib\site-packages\tdvt\exprtests/pretest/expected.setup.bad_password_test.txt
2020-10-29 07:05:46,828 Adding file C:\Users\seb\AppData\Local\Programs\Python\Python39\lib\site-packages\tdvt\exprtests/pretest/setup.bad_password_test.txt
2020-10-29 07:05:46,828 Found 2 tests to run before exclusions.
2020-10-29 07:05:46,828 Removing test that matched: re.compile('expected.')
2020-10-29 07:05:46,828 Found 1 tests to run after exclusions.
2020-10-29 07:05:46,844 smoke test queue size is: 0
2020-10-29 07:05:46,844 test queue size is: 9
2020-10-29 07:05:46,844 No smoke tests detected.
2020-10-29 07:05:46,844 Tests will run without verifying the data source connection.
2020-10-29 07:05:46,844 
Running tdvt suite [exasol_odbc]: tested sql [False]: tested tuples [True]: tested error [False]: output dir [C:\Users\seb\AppData\Local\Temp\4161832c5cde013cce31b6de4d36e7ad4295ee8661b9502280dca9f9dwds1u9a]: logical [True]: config file [logical.calcs.exasol_odbc]: override [-DConnectPluginsPath=..\src\exasol_odbc]: tds [cast_calcs.exasol_odbc.tds]: thread [6] tdvt thread id: 1

2020-10-29 07:05:46,844 Thread-[1] Running test:logical.calcs.exasol_odbc
2020-10-29 07:05:46,844 Error loading test metadata: [Errno 2] No such file or directory: 'C:\\Users\\seb\\AppData\\Local\\Programs\\Python\\Python39\\lib\\site-packages\\tdvt\\metadata\\test_metadata.csv'
2020-10-29 07:05:46,844 Thread-[1]  calling C:\Program Files\Tableau\Tableau 2020.3\bin\tabquerytool.exe --query-file-list C:\Users\seb\AppData\Local\Temp\4161832c5cde013cce31b6de4d36e7ad4295ee8661b9502280dca9f9dwds1u9a\logical_calcs_exasol_odbc\tests.txt -d C:\Users\seb\git\tableau-connector\tdvt\tds\cast_calcs.exasol_odbc.tds --combined --password-file C:\Users\seb\git\tableau-connector\tdvt\tds\exasol_odbc.password --output-dir C:\Users\seb\AppData\Local\Temp\4161832c5cde013cce31b6de4d36e7ad4295ee8661b9502280dca9f9dwds1u9a -DLogDir=C:\Users\seb\AppData\Local\Temp\4161832c5cde013cce31b6de4d36e7ad4295ee8661b9502280dca9f9dwds1u9a\logical_calcs_exasol_odbc -DOverride=ProtocolServerNewLog -DConnectPluginsPath=..\src\exasol_odbc -DLogicalQueryRewriteDisable=Funcall:RewriteConstantFuncall -DInMemoryLogicalCacheDisable
2020-10-29 07:05:46,844 
Running tdvt suite [exasol_odbc]: tested sql [False]: tested tuples [True]: tested error [False]: output dir [C:\Users\seb\AppData\Local\Temp\0227a584a97cf8714b9936d13b22556a432cbfb523860d47a2ee8ea25xwbeiw7]: logical [True]: config file [logical.staples.exasol_odbc]: override [-DConnectPluginsPath=..\src\exasol_odbc]: tds [Staples.exasol_odbc.tds]: thread [6] tdvt thread id: 2

2020-10-29 07:05:46,844 Thread-[2] Running test:logical.staples.exasol_odbc
2020-10-29 07:05:46,844 Error loading test metadata: [Errno 2] No such file or directory: 'C:\\Users\\seb\\AppData\\Local\\Programs\\Python\\Python39\\lib\\site-packages\\tdvt\\metadata\\test_metadata.csv'
2020-10-29 07:05:46,844 Thread-[2]  calling C:\Program Files\Tableau\Tableau 2020.3\bin\tabquerytool.exe --query-file-list C:\Users\seb\AppData\Local\Temp\0227a584a97cf8714b9936d13b22556a432cbfb523860d47a2ee8ea25xwbeiw7\logical_staples_exasol_odbc\tests.txt -d C:\Users\seb\git\tableau-connector\tdvt\tds\Staples.exasol_odbc.tds --combined --password-file C:\Users\seb\git\tableau-connector\tdvt\tds\exasol_odbc.password --output-dir C:\Users\seb\AppData\Local\Temp\0227a584a97cf8714b9936d13b22556a432cbfb523860d47a2ee8ea25xwbeiw7 -DLogDir=C:\Users\seb\AppData\Local\Temp\0227a584a97cf8714b9936d13b22556a432cbfb523860d47a2ee8ea25xwbeiw7\logical_staples_exasol_odbc -DOverride=ProtocolServerNewLog -DConnectPluginsPath=..\src\exasol_odbc -DLogicalQueryRewriteDisable=Funcall:RewriteConstantFuncall -DInMemoryLogicalCacheDisable
2020-10-29 07:05:46,953 
Running tdvt suite [exasol_odbc]: tested sql [False]: tested tuples [True]: tested error [False]: output dir [C:\Users\seb\AppData\Local\Temp\b2ff43aa8d579e800767be23813923c034e76dbc3941c17bbd7f0595q56k6e35]: logical [True]: config file [logical.lod.exasol_odbc]: override [-DConnectPluginsPath=..\src\exasol_odbc]: tds [Staples.exasol_odbc.tds]: thread [6] tdvt thread id: 3

2020-10-29 07:05:46,953 Thread-[3] Running test:logical.lod.exasol_odbc
2020-10-29 07:05:46,953 Error loading test metadata: [Errno 2] No such file or directory: 'C:\\Users\\seb\\AppData\\Local\\Programs\\Python\\Python39\\lib\\site-packages\\tdvt\\metadata\\test_metadata.csv'
2020-10-29 07:05:46,953 Thread-[3]  calling C:\Program Files\Tableau\Tableau 2020.3\bin\tabquerytool.exe --query-file-list C:\Users\seb\AppData\Local\Temp\b2ff43aa8d579e800767be23813923c034e76dbc3941c17bbd7f0595q56k6e35\logical_lod_exasol_odbc\tests.txt -d C:\Users\seb\git\tableau-connector\tdvt\tds\Staples.exasol_odbc.tds --combined --password-file C:\Users\seb\git\tableau-connector\tdvt\tds\exasol_odbc.password --output-dir C:\Users\seb\AppData\Local\Temp\b2ff43aa8d579e800767be23813923c034e76dbc3941c17bbd7f0595q56k6e35 -DLogDir=C:\Users\seb\AppData\Local\Temp\b2ff43aa8d579e800767be23813923c034e76dbc3941c17bbd7f0595q56k6e35\logical_lod_exasol_odbc -DOverride=ProtocolServerNewLog -DConnectPluginsPath=..\src\exasol_odbc -DLogicalQueryRewriteDisable=Funcall:RewriteConstantFuncall -DInMemoryLogicalCacheDisable
2020-10-29 07:05:46,969 
Running tdvt suite [exasol_odbc]: tested sql [False]: tested tuples [True]: tested error [False]: output dir [C:\Users\seb\AppData\Local\Temp\6820c897e15492e3a79106eea4b3c1ab574611078ad77a662cf207aetgkb5tu1]: logical [True]: config file [logical.union.exasol_odbc]: override [-DConnectPluginsPath=..\src\exasol_odbc]: tds [cast_calcs.exasol_odbc.tds]: thread [6] tdvt thread id: 4

2020-10-29 07:05:46,969 Thread-[4] Running test:logical.union.exasol_odbc
2020-10-29 07:05:46,985 Error loading test metadata: [Errno 2] No such file or directory: 'C:\\Users\\seb\\AppData\\Local\\Programs\\Python\\Python39\\lib\\site-packages\\tdvt\\metadata\\test_metadata.csv'
2020-10-29 07:05:46,985 Thread-[4]  calling C:\Program Files\Tableau\Tableau 2020.3\bin\tabquerytool.exe --query-file-list C:\Users\seb\AppData\Local\Temp\6820c897e15492e3a79106eea4b3c1ab574611078ad77a662cf207aetgkb5tu1\logical_union_exasol_odbc\tests.txt -d C:\Users\seb\git\tableau-connector\tdvt\tds\cast_calcs.exasol_odbc.tds --combined --password-file C:\Users\seb\git\tableau-connector\tdvt\tds\exasol_odbc.password --output-dir C:\Users\seb\AppData\Local\Temp\6820c897e15492e3a79106eea4b3c1ab574611078ad77a662cf207aetgkb5tu1 -DLogDir=C:\Users\seb\AppData\Local\Temp\6820c897e15492e3a79106eea4b3c1ab574611078ad77a662cf207aetgkb5tu1\logical_union_exasol_odbc -DOverride=ProtocolServerNewLog -DConnectPluginsPath=..\src\exasol_odbc -DLogicalQueryRewriteDisable=Funcall:RewriteConstantFuncall -DInMemoryLogicalCacheDisable
2020-10-29 07:05:47,078 
Running tdvt suite [exasol_odbc]: tested sql [False]: tested tuples [True]: tested error [False]: output dir [C:\Users\seb\AppData\Local\Temp\fd6fe682476b1104018a324a1670e5356cd35ef747444725374d1d93rovh6y_2]: logical [False]: config file [expression.standard.exasol_odbc]: override [-DConnectPluginsPath=..\src\exasol_odbc]: tds [cast_calcs.exasol_odbc.tds]: thread [6] tdvt thread id: 5

2020-10-29 07:05:47,078 Thread-[5] Running test:expression.standard.exasol_odbc
2020-10-29 07:05:47,078 Error loading test metadata: [Errno 2] No such file or directory: 'C:\\Users\\seb\\AppData\\Local\\Programs\\Python\\Python39\\lib\\site-packages\\tdvt\\metadata\\test_metadata.csv'
2020-10-29 07:05:47,078 Thread-[5]  calling C:\Program Files\Tableau\Tableau 2020.3\bin\tabquerytool.exe --expression-file-list C:\Users\seb\AppData\Local\Temp\fd6fe682476b1104018a324a1670e5356cd35ef747444725374d1d93rovh6y_2\expression_standard_exasol_odbc\tests.txt -d C:\Users\seb\git\tableau-connector\tdvt\tds\cast_calcs.exasol_odbc.tds --combined --password-file C:\Users\seb\git\tableau-connector\tdvt\tds\exasol_odbc.password --output-dir C:\Users\seb\AppData\Local\Temp\fd6fe682476b1104018a324a1670e5356cd35ef747444725374d1d93rovh6y_2 -DLogDir=C:\Users\seb\AppData\Local\Temp\fd6fe682476b1104018a324a1670e5356cd35ef747444725374d1d93rovh6y_2\expression_standard_exasol_odbc -DOverride=ProtocolServerNewLog -DConnectPluginsPath=..\src\exasol_odbc -DLogicalQueryRewriteDisable=Funcall:RewriteConstantFuncall -DInMemoryLogicalCacheDisable
2020-10-29 07:05:47,344 
Running tdvt suite [exasol_odbc]: tested sql [False]: tested tuples [True]: tested error [False]: output dir [C:\Users\seb\AppData\Local\Temp\004579c80c255739ae889e6398917bf8217874e30cc04b1b9a6be6b1qh34q48j]: logical [False]: config file [expression.lod.exasol_odbc]: override [-DConnectPluginsPath=..\src\exasol_odbc]: tds [cast_calcs.exasol_odbc.tds]: thread [6] tdvt thread id: 6

2020-10-29 07:05:47,344 Thread-[6] Running test:expression.lod.exasol_odbc
2020-10-29 07:05:47,359 Error loading test metadata: [Errno 2] No such file or directory: 'C:\\Users\\seb\\AppData\\Local\\Programs\\Python\\Python39\\lib\\site-packages\\tdvt\\metadata\\test_metadata.csv'
2020-10-29 07:05:47,359 Thread-[6]  calling C:\Program Files\Tableau\Tableau 2020.3\bin\tabquerytool.exe --expression-file-list C:\Users\seb\AppData\Local\Temp\004579c80c255739ae889e6398917bf8217874e30cc04b1b9a6be6b1qh34q48j\expression_lod_exasol_odbc\tests.txt -d C:\Users\seb\git\tableau-connector\tdvt\tds\cast_calcs.exasol_odbc.tds --combined --password-file C:\Users\seb\git\tableau-connector\tdvt\tds\exasol_odbc.password --output-dir C:\Users\seb\AppData\Local\Temp\004579c80c255739ae889e6398917bf8217874e30cc04b1b9a6be6b1qh34q48j -DLogDir=C:\Users\seb\AppData\Local\Temp\004579c80c255739ae889e6398917bf8217874e30cc04b1b9a6be6b1qh34q48j\expression_lod_exasol_odbc -DOverride=ProtocolServerNewLog -DConnectPluginsPath=..\src\exasol_odbc -DLogicalQueryRewriteDisable=Funcall:RewriteConstantFuncall -DInMemoryLogicalCacheDisable
2020-10-29 07:05:55,594 Thread-[4] CalledProcessError: Return code: 16 LoadDatasource TableauException: Tableau doesn't recognize the data source type 'exasol_odbc'. It might not be available in this version of Tableau, or it might be a connector plugin that's not installed on this system.

No data source specified

2020-10-29 07:05:55,594 Thread-[4] Command line output:LoadDatasource TableauException: Tableau doesn't recognize the data source type 'exasol_odbc'. It might not be available in this version of Tableau, or it might be a connector plugin that's not installed on this system.

No data source specified

2020-10-29 07:05:55,594 
Finished tdvt suite [exasol_odbc]: tested sql [False]: tested tuples [True]: tested error [False]: output dir [C:\Users\seb\AppData\Local\Temp\6820c897e15492e3a79106eea4b3c1ab574611078ad77a662cf207aetgkb5tu1]: logical [True]: config file [logical.union.exasol_odbc]: override [-DConnectPluginsPath=..\src\exasol_odbc]: tds [C:\Users\seb\git\tableau-connector\tdvt\tds\cast_calcs.exasol_odbc.tds]: thread [6]

2020-10-29 07:05:55,594 
Running tdvt suite [exasol_odbc]: tested sql [False]: tested tuples [True]: tested error [False]: output dir [C:\Users\seb\AppData\Local\Temp\567f65b2273b789cc047911c579e9bcd01426baa8bb820f51bfcf03bvr2xovoc]: logical [False]: config file [expression.median.exasol_odbc]: override [-DConnectPluginsPath=..\src\exasol_odbc]: tds [cast_calcs.exasol_odbc.tds]: thread [6] tdvt thread id: 7

2020-10-29 07:05:55,594 Thread-[7] Running test:expression.median.exasol_odbc
2020-10-29 07:05:55,594 Error loading test metadata: [Errno 2] No such file or directory: 'C:\\Users\\seb\\AppData\\Local\\Programs\\Python\\Python39\\lib\\site-packages\\tdvt\\metadata\\test_metadata.csv'
2020-10-29 07:05:55,609 Thread-[7]  calling C:\Program Files\Tableau\Tableau 2020.3\bin\tabquerytool.exe --expression-file-list C:\Users\seb\AppData\Local\Temp\567f65b2273b789cc047911c579e9bcd01426baa8bb820f51bfcf03bvr2xovoc\expression_median_exasol_odbc\tests.txt -d C:\Users\seb\git\tableau-connector\tdvt\tds\cast_calcs.exasol_odbc.tds --combined --password-file C:\Users\seb\git\tableau-connector\tdvt\tds\exasol_odbc.password --output-dir C:\Users\seb\AppData\Local\Temp\567f65b2273b789cc047911c579e9bcd01426baa8bb820f51bfcf03bvr2xovoc -DLogDir=C:\Users\seb\AppData\Local\Temp\567f65b2273b789cc047911c579e9bcd01426baa8bb820f51bfcf03bvr2xovoc\expression_median_exasol_odbc -DOverride=ProtocolServerNewLog -DConnectPluginsPath=..\src\exasol_odbc -DLogicalQueryRewriteDisable=Funcall:RewriteConstantFuncall -DInMemoryLogicalCacheDisable
2020-10-29 07:05:55,641 Thread-[6] CalledProcessError: Return code: 16 LoadDatasource TableauException: Tableau doesn't recognize the data source type 'exasol_odbc'. It might not be available in this version of Tableau, or it might be a connector plugin that's not installed on this system.


2020-10-29 07:05:55,641 Thread-[6] Command line output:LoadDatasource TableauException: Tableau doesn't recognize the data source type 'exasol_odbc'. It might not be available in this version of Tableau, or it might be a connector plugin that's not installed on this system.


2020-10-29 07:05:55,641 Found expected filepath C:\Users\seb\AppData\Local\Programs\Python\Python39\lib\site-packages\tdvt\exprtests/lodcalcs\expected.setup.lod.calcs.txt
2020-10-29 07:05:55,641 
Finished tdvt suite [exasol_odbc]: tested sql [False]: tested tuples [True]: tested error [False]: output dir [C:\Users\seb\AppData\Local\Temp\004579c80c255739ae889e6398917bf8217874e30cc04b1b9a6be6b1qh34q48j]: logical [False]: config file [expression.lod.exasol_odbc]: override [-DConnectPluginsPath=..\src\exasol_odbc]: tds [C:\Users\seb\git\tableau-connector\tdvt\tds\cast_calcs.exasol_odbc.tds]: thread [6]

2020-10-29 07:05:55,641 
Running tdvt suite [exasol_odbc]: tested sql [False]: tested tuples [True]: tested error [False]: output dir [C:\Users\seb\AppData\Local\Temp\3a1201af383a0a612fcbb744976cbf153b3917633aeedc91fccc99bafqqckzkq]: logical [False]: config file [expression.percentile.exasol_odbc]: override [-DConnectPluginsPath=..\src\exasol_odbc]: tds [cast_calcs.exasol_odbc.tds]: thread [6] tdvt thread id: 8

2020-10-29 07:05:55,641 Thread-[8] Running test:expression.percentile.exasol_odbc
2020-10-29 07:05:55,641 Error loading test metadata: [Errno 2] No such file or directory: 'C:\\Users\\seb\\AppData\\Local\\Programs\\Python\\Python39\\lib\\site-packages\\tdvt\\metadata\\test_metadata.csv'
2020-10-29 07:05:55,641 Thread-[8]  calling C:\Program Files\Tableau\Tableau 2020.3\bin\tabquerytool.exe --expression-file-list C:\Users\seb\AppData\Local\Temp\3a1201af383a0a612fcbb744976cbf153b3917633aeedc91fccc99bafqqckzkq\expression_percentile_exasol_odbc\tests.txt -d C:\Users\seb\git\tableau-connector\tdvt\tds\cast_calcs.exasol_odbc.tds --combined --password-file C:\Users\seb\git\tableau-connector\tdvt\tds\exasol_odbc.password --output-dir C:\Users\seb\AppData\Local\Temp\3a1201af383a0a612fcbb744976cbf153b3917633aeedc91fccc99bafqqckzkq -DLogDir=C:\Users\seb\AppData\Local\Temp\3a1201af383a0a612fcbb744976cbf153b3917633aeedc91fccc99bafqqckzkq\expression_percentile_exasol_odbc -DOverride=ProtocolServerNewLog -DConnectPluginsPath=..\src\exasol_odbc -DLogicalQueryRewriteDisable=Funcall:RewriteConstantFuncall -DInMemoryLogicalCacheDisable
2020-10-29 07:05:56,297 Thread-[3] CalledProcessError: Return code: 16 LoadDatasource TableauException: Tableau doesn't recognize the data source type 'exasol_odbc'. It might not be available in this version of Tableau, or it might be a connector plugin that's not installed on this system.

No data source specified

2020-10-29 07:05:56,297 Thread-[3] Command line output:LoadDatasource TableauException: Tableau doesn't recognize the data source type 'exasol_odbc'. It might not be available in this version of Tableau, or it might be a connector plugin that's not installed on this system.

No data source specified

2020-10-29 07:05:56,313 
Finished tdvt suite [exasol_odbc]: tested sql [False]: tested tuples [True]: tested error [False]: output dir [C:\Users\seb\AppData\Local\Temp\b2ff43aa8d579e800767be23813923c034e76dbc3941c17bbd7f0595q56k6e35]: logical [True]: config file [logical.lod.exasol_odbc]: override [-DConnectPluginsPath=..\src\exasol_odbc]: tds [C:\Users\seb\git\tableau-connector\tdvt\tds\Staples.exasol_odbc.tds]: thread [6]

2020-10-29 07:05:56,313 
Running tdvt suite [exasol_odbc]: tested sql [False]: tested tuples [True]: tested error [False]: output dir [C:\Users\seb\AppData\Local\Temp\604fe8423a84a904bd23cad5da24814248b28aeb20057440c68a9ed4o7so7229]: logical [False]: config file [TestBadPassword.exasol_odbc]: override [-DConnectPluginsPath=..\src\exasol_odbc]: tds [cast_calcs.exasol_odbc.tds]: thread [6] tdvt thread id: 9

2020-10-29 07:05:56,313 Thread-[9] Running test:TestBadPassword.exasol_odbc
2020-10-29 07:05:56,313 Error loading test metadata: [Errno 2] No such file or directory: 'C:\\Users\\seb\\AppData\\Local\\Programs\\Python\\Python39\\lib\\site-packages\\tdvt\\metadata\\test_metadata.csv'
2020-10-29 07:05:56,313 Thread-[9]  calling C:\Program Files\Tableau\Tableau 2020.3\bin\tabquerytool.exe --expression-file-list C:\Users\seb\AppData\Local\Temp\604fe8423a84a904bd23cad5da24814248b28aeb20057440c68a9ed4o7so7229\TestBadPassword_exasol_odbc\tests.txt -d C:\Users\seb\git\tableau-connector\tdvt\tds\cast_calcs.exasol_odbc.tds --combined --password-file C:\Users\seb\git\tableau-connector\tdvt\tds\exasol_odbc_badpassword.password --output-dir C:\Users\seb\AppData\Local\Temp\604fe8423a84a904bd23cad5da24814248b28aeb20057440c68a9ed4o7so7229 -DLogDir=C:\Users\seb\AppData\Local\Temp\604fe8423a84a904bd23cad5da24814248b28aeb20057440c68a9ed4o7so7229\TestBadPassword_exasol_odbc -DOverride=ProtocolServerNewLog -DConnectPluginsPath=..\src\exasol_odbc -DLogicalQueryRewriteDisable=Funcall:RewriteConstantFuncall -DInMemoryLogicalCacheDisable
2020-10-29 07:05:56,906 Thread-[5] CalledProcessError: Return code: 16 LoadDatasource TableauException: Tableau doesn't recognize the data source type 'exasol_odbc'. It might not be available in this version of Tableau, or it might be a connector plugin that's not installed on this system.


2020-10-29 07:05:56,906 Thread-[5] Command line output:LoadDatasource TableauException: Tableau doesn't recognize the data source type 'exasol_odbc'. It might not be available in this version of Tableau, or it might be a connector plugin that's not installed on this system.


2020-10-29 07:05:56,906 Found expected filepath C:\Users\seb\AppData\Local\Programs\Python\Python39\lib\site-packages\tdvt\exprtests/standard\expected.setup.agg.avg.txt
2020-10-29 07:05:56,906 Found expected filepath C:\Users\seb\AppData\Local\Programs\Python\Python39\lib\site-packages\tdvt\exprtests/standard\expected.setup.agg.avg.1.txt
2020-10-29 07:05:56,906 Found expected filepath C:\Users\seb\AppData\Local\Programs\Python\Python39\lib\site-packages\tdvt\exprtests/standard\expected.setup.agg.avg.2.txt
2020-10-29 07:05:56,906 Found expected filepath C:\Users\seb\AppData\Local\Programs\Python\Python39\lib\site-packages\tdvt\exprtests/standard\expected.setup.agg.avg.3.txt
2020-10-29 07:05:56,906 Found expected filepath C:\Users\seb\AppData\Local\Programs\Python\Python39\lib\site-packages\tdvt\exprtests/standard\expected.setup.agg.avg.4.txt
2020-10-29 07:05:56,906 Found expected filepath C:\Users\seb\AppData\Local\Programs\Python\Python39\lib\site-packages\tdvt\exprtests/standard\expected.setup.agg.count.txt
2020-10-29 07:05:56,906 Found expected filepath C:\Users\seb\AppData\Local\Programs\Python\Python39\lib\site-packages\tdvt\exprtests/standard\expected.setup.agg.countd.txt
2020-10-29 07:05:56,906 Found expected filepath C:\Users\seb\AppData\Local\Programs\Python\Python39\lib\site-packages\tdvt\exprtests/standard\expected.setup.agg.max.txt
2020-10-29 07:05:56,906 Found expected filepath C:\Users\seb\AppData\Local\Programs\Python\Python39\lib\site-packages\tdvt\exprtests/standard\expected.setup.agg.max.1.txt
2020-10-29 07:05:56,906 Found expected filepath C:\Users\seb\AppData\Local\Programs\Python\Python39\lib\site-packages\tdvt\exprtests/standard\expected.setup.agg.min.txt
2020-10-29 07:05:56,906 Found expected filepath C:\Users\seb\AppData\Local\Programs\Python\Python39\lib\site-packages\tdvt\exprtests/standard\expected.setup.agg.min.1.txt
2020-10-29 07:05:56,906 Found expected filepath C:\Users\seb\AppData\Local\Programs\Python\Python39\lib\site-packages\tdvt\exprtests/standard\expected.setup.agg.stddev.txt
2020-10-29 07:05:56,906 Found expected filepath C:\Users\seb\AppData\Local\Programs\Python\Python39\lib\site-packages\tdvt\exprtests/standard\expected.setup.agg.sum.txt
2020-10-29 07:05:56,906 Found expected filepath C:\Users\seb\AppData\Local\Programs\Python\Python39\lib\site-packages\tdvt\exprtests/standard\expected.setup.agg.var.txt
2020-10-29 07:05:56,906 Found expected filepath C:\Users\seb\AppData\Local\Programs\Python\Python39\lib\site-packages\tdvt\exprtests/standard\expected.setup.agg.var.1.txt
2020-10-29 07:05:56,906 Found expected filepath C:\Users\seb\AppData\Local\Programs\Python\Python39\lib\site-packages\tdvt\exprtests/standard\expected.setup.calcs_data.txt
2020-10-29 07:05:56,906 Found expected filepath C:\Users\seb\AppData\Local\Programs\Python\Python39\lib\site-packages\tdvt\exprtests/standard\expected.setup.calcs_data.1.txt
2020-10-29 07:05:56,906 Found expected filepath C:\Users\seb\AppData\Local\Programs\Python\Python39\lib\site-packages\tdvt\exprtests/standard\expected.setup.calcs_data.2.txt
2020-10-29 07:05:56,906 Found expected filepath C:\Users\seb\AppData\Local\Programs\Python\Python39\lib\site-packages\tdvt\exprtests/standard\expected.setup.calcs_data.3.txt
2020-10-29 07:05:56,906 Found expected filepath C:\Users\seb\AppData\Local\Programs\Python\Python39\lib\site-packages\tdvt\exprtests/standard\expected.setup.calcs_data.4.txt
2020-10-29 07:05:56,906 Found expected filepath C:\Users\seb\AppData\Local\Programs\Python\Python39\lib\site-packages\tdvt\exprtests/standard\expected.setup.calcs_data.5.txt
2020-10-29 07:05:56,906 Found expected filepath C:\Users\seb\AppData\Local\Programs\Python\Python39\lib\site-packages\tdvt\exprtests/standard\expected.setup.calcs_data.6.txt
2020-10-29 07:05:56,906 Found expected filepath C:\Users\seb\AppData\Local\Programs\Python\Python39\lib\site-packages\tdvt\exprtests/standard\expected.setup.calcs_data.7.txt
2020-10-29 07:05:56,906 Found expected filepath C:\Users\seb\AppData\Local\Programs\Python\Python39\lib\site-packages\tdvt\exprtests/standard\expected.setup.cast.float.string.txt
2020-10-29 07:05:56,906 Found expected filepath C:\Users\seb\AppData\Local\Programs\Python\Python39\lib\site-packages\tdvt\exprtests/standard\expected.setup.cast.float.string.1.txt
2020-10-29 07:05:56,906 Found expected filepath C:\Users\seb\AppData\Local\Programs\Python\Python39\lib\site-packages\tdvt\exprtests/standard\expected.setup.cast.float.txt
2020-10-29 07:05:56,906 Found expected filepath C:\Users\seb\AppData\Local\Programs\Python\Python39\lib\site-packages\tdvt\exprtests/standard\expected.setup.cast.float.1.txt
2020-10-29 07:05:56,906 Found expected filepath C:\Users\seb\AppData\Local\Programs\Python\Python39\lib\site-packages\tdvt\exprtests/standard\expected.setup.cast.float.2.txt
2020-10-29 07:05:56,906 Found expected filepath C:\Users\seb\AppData\Local\Programs\Python\Python39\lib\site-packages\tdvt\exprtests/standard\expected.setup.cast.float.3.txt
2020-10-29 07:05:56,906 Found expected filepath C:\Users\seb\AppData\Local\Programs\Python\Python39\lib\site-packages\tdvt\exprtests/standard\expected.setup.cast.int.nulls.txt
2020-10-29 07:05:56,906 Found expected filepath C:\Users\seb\AppData\Local\Programs\Python\Python39\lib\site-packages\tdvt\exprtests/standard\expected.setup.cast.int.nulls.1.txt
2020-10-29 07:05:56,906 Found expected filepath C:\Users\seb\AppData\Local\Programs\Python\Python39\lib\site-packages\tdvt\exprtests/standard\expected.setup.cast.int.txt
2020-10-29 07:05:56,906 Found expected filepath C:\Users\seb\AppData\Local\Programs\Python\Python39\lib\site-packages\tdvt\exprtests/standard\expected.setup.cast.int.1.txt
2020-10-29 07:05:56,906 Found expected filepath C:\Users\seb\AppData\Local\Programs\Python\Python39\lib\site-packages\tdvt\exprtests/standard\expected.setup.cast.int.2.txt
2020-10-29 07:05:56,906 Found expected filepath C:\Users\seb\AppData\Local\Programs\Python\Python39\lib\site-packages\tdvt\exprtests/standard\expected.setup.cast.str.str.txt
2020-10-29 07:05:56,906 Found expected filepath C:\Users\seb\AppData\Local\Programs\Python\Python39\lib\site-packages\tdvt\exprtests/standard\expected.setup.cast.str.str.1.txt
2020-10-29 07:05:56,906 Found expected filepath C:\Users\seb\AppData\Local\Programs\Python\Python39\lib\site-packages\tdvt\exprtests/standard\expected.setup.cast.str.str.2.txt
2020-10-29 07:05:56,906 Found expected filepath C:\Users\seb\AppData\Local\Programs\Python\Python39\lib\site-packages\tdvt\exprtests/standard\expected.setup.cast.str.txt
2020-10-29 07:05:56,906 Found expected filepath C:\Users\seb\AppData\Local\Programs\Python\Python39\lib\site-packages\tdvt\exprtests/standard\expected.setup.cast.str.1.txt
2020-10-29 07:05:56,906 Found expected filepath C:\Users\seb\AppData\Local\Programs\Python\Python39\lib\site-packages\tdvt\exprtests/standard\expected.setup.cast.str.2.txt
2020-10-29 07:05:56,906 Found expected filepath C:\Users\seb\AppData\Local\Programs\Python\Python39\lib\site-packages\tdvt\exprtests/standard\expected.setup.cast.str.3.txt
2020-10-29 07:05:56,906 Found expected filepath C:\Users\seb\AppData\Local\Programs\Python\Python39\lib\site-packages\tdvt\exprtests/standard\expected.setup.cast.str.4.txt
2020-10-29 07:05:56,906 Found expected filepath C:\Users\seb\AppData\Local\Programs\Python\Python39\lib\site-packages\tdvt\exprtests/standard\expected.setup.cast.str.5.txt
2020-10-29 07:05:56,906 Found expected filepath C:\Users\seb\AppData\Local\Programs\Python\Python39\lib\site-packages\tdvt\exprtests/standard\expected.setup.cast.str.6.txt
2020-10-29 07:05:56,906 Found expected filepath C:\Users\seb\AppData\Local\Programs\Python\Python39\lib\site-packages\tdvt\exprtests/standard\expected.setup.cast.str.7.txt
2020-10-29 07:05:56,906 Found expected filepath C:\Users\seb\AppData\Local\Programs\Python\Python39\lib\site-packages\tdvt\exprtests/standard\expected.setup.cast.str.8.txt
2020-10-29 07:05:56,906 Found expected filepath C:\Users\seb\AppData\Local\Programs\Python\Python39\lib\site-packages\tdvt\exprtests/standard\expected.setup.cast.str.9.txt
2020-10-29 07:05:56,906 Found expected filepath C:\Users\seb\AppData\Local\Programs\Python\Python39\lib\site-packages\tdvt\exprtests/standard\expected.setup.cast.str.10.txt
2020-10-29 07:05:56,906 Found expected filepath C:\Users\seb\AppData\Local\Programs\Python\Python39\lib\site-packages\tdvt\exprtests/standard\expected.setup.cast.str.11.txt
2020-10-29 07:05:56,906 Found expected filepath C:\Users\seb\AppData\Local\Programs\Python\Python39\lib\site-packages\tdvt\exprtests/standard\expected.setup.cast.str.12.txt
2020-10-29 07:05:56,906 Found expected filepath C:\Users\seb\AppData\Local\Programs\Python\Python39\lib\site-packages\tdvt\exprtests/standard\expected.setup.cast.str.13.txt
2020-10-29 07:05:56,922 Found expected filepath C:\Users\seb\AppData\Local\Programs\Python\Python39\lib\site-packages\tdvt\exprtests/standard\expected.setup.date.B639952.txt
2020-10-29 07:05:56,922 Found expected filepath C:\Users\seb\AppData\Local\Programs\Python\Python39\lib\site-packages\tdvt\exprtests/standard\expected.setup.date.B639952.1.txt
2020-10-29 07:05:56,922 Found expected filepath C:\Users\seb\AppData\Local\Programs\Python\Python39\lib\site-packages\tdvt\exprtests/standard\expected.setup.date.B639952.2.txt
2020-10-29 07:05:56,922 Found expected filepath C:\Users\seb\AppData\Local\Programs\Python\Python39\lib\site-packages\tdvt\exprtests/standard\expected.setup.date.B639952.3.txt
2020-10-29 07:05:56,922 Found expected filepath C:\Users\seb\AppData\Local\Programs\Python\Python39\lib\site-packages\tdvt\exprtests/standard\expected.setup.date.dateadd.day.txt
2020-10-29 07:05:56,922 Found expected filepath C:\Users\seb\AppData\Local\Programs\Python\Python39\lib\site-packages\tdvt\exprtests/standard\expected.setup.date.dateadd.dayofyear.txt
2020-10-29 07:05:56,922 Found expected filepath C:\Users\seb\AppData\Local\Programs\Python\Python39\lib\site-packages\tdvt\exprtests/standard\expected.setup.date.dateadd.hour.txt
2020-10-29 07:05:56,922 Found expected filepath C:\Users\seb\AppData\Local\Programs\Python\Python39\lib\site-packages\tdvt\exprtests/standard\expected.setup.date.dateadd.minute.txt
2020-10-29 07:05:56,922 Found expected filepath C:\Users\seb\AppData\Local\Programs\Python\Python39\lib\site-packages\tdvt\exprtests/standard\expected.setup.date.dateadd.month.txt
2020-10-29 07:05:56,922 Found expected filepath C:\Users\seb\AppData\Local\Programs\Python\Python39\lib\site-packages\tdvt\exprtests/standard\expected.setup.date.dateadd.nulls.txt
2020-10-29 07:05:56,922 Found expected filepath C:\Users\seb\AppData\Local\Programs\Python\Python39\lib\site-packages\tdvt\exprtests/standard\expected.setup.date.dateadd.nulls.1.txt
2020-10-29 07:05:56,922 Found expected filepath C:\Users\seb\AppData\Local\Programs\Python\Python39\lib\site-packages\tdvt\exprtests/standard\expected.setup.date.dateadd.quarter.txt
2020-10-29 07:05:56,922 Found expected filepath C:\Users\seb\AppData\Local\Programs\Python\Python39\lib\site-packages\tdvt\exprtests/standard\expected.setup.date.dateadd.second.txt
2020-10-29 07:05:56,922 Found expected filepath C:\Users\seb\AppData\Local\Programs\Python\Python39\lib\site-packages\tdvt\exprtests/standard\expected.setup.date.dateadd.week.txt
2020-10-29 07:05:56,922 Found expected filepath C:\Users\seb\AppData\Local\Programs\Python\Python39\lib\site-packages\tdvt\exprtests/standard\expected.setup.date.dateadd.weekday.txt
2020-10-29 07:05:56,922 Found expected filepath C:\Users\seb\AppData\Local\Programs\Python\Python39\lib\site-packages\tdvt\exprtests/standard\expected.setup.date.dateadd.year.txt
2020-10-29 07:05:56,922 Found expected filepath C:\Users\seb\AppData\Local\Programs\Python\Python39\lib\site-packages\tdvt\exprtests/standard\expected.setup.date.datediff.day.txt
2020-10-29 07:05:56,922 Found expected filepath C:\Users\seb\AppData\Local\Programs\Python\Python39\lib\site-packages\tdvt\exprtests/standard\expected.setup.date.datediff.dayofyear.txt
2020-10-29 07:05:56,922 Found expected filepath C:\Users\seb\AppData\Local\Programs\Python\Python39\lib\site-packages\tdvt\exprtests/standard\expected.setup.date.datediff.dayofyear.1.txt
2020-10-29 07:05:56,922 Found expected filepath C:\Users\seb\AppData\Local\Programs\Python\Python39\lib\site-packages\tdvt\exprtests/standard\expected.setup.date.datediff.hour.txt
2020-10-29 07:05:56,922 Found expected filepath C:\Users\seb\AppData\Local\Programs\Python\Python39\lib\site-packages\tdvt\exprtests/standard\expected.setup.date.datediff.minute.txt
2020-10-29 07:05:56,922 Found expected filepath C:\Users\seb\AppData\Local\Programs\Python\Python39\lib\site-packages\tdvt\exprtests/standard\expected.setup.date.datediff.month.txt
2020-10-29 07:05:56,922 Found expected filepath C:\Users\seb\AppData\Local\Programs\Python\Python39\lib\site-packages\tdvt\exprtests/standard\expected.setup.date.datediff.nulls.txt
2020-10-29 07:05:56,922 Found expected filepath C:\Users\seb\AppData\Local\Programs\Python\Python39\lib\site-packages\tdvt\exprtests/standard\expected.setup.date.datediff.quarter.txt
2020-10-29 07:05:56,922 Found expected filepath C:\Users\seb\AppData\Local\Programs\Python\Python39\lib\site-packages\tdvt\exprtests/standard\expected.setup.date.datediff.sow.day.txt
2020-10-29 07:05:56,922 Found expected filepath C:\Users\seb\AppData\Local\Programs\Python\Python39\lib\site-packages\tdvt\exprtests/standard\expected.setup.date.datediff.sow.dayofyear.txt
2020-10-29 07:05:56,922 Found expected filepath C:\Users\seb\AppData\Local\Programs\Python\Python39\lib\site-packages\tdvt\exprtests/standard\expected.setup.date.datediff.sow.hour.txt
2020-10-29 07:05:56,922 Found expected filepath C:\Users\seb\AppData\Local\Programs\Python\Python39\lib\site-packages\tdvt\exprtests/standard\expected.setup.date.datediff.sow.minute.txt
2020-10-29 07:05:56,922 Found expected filepath C:\Users\seb\AppData\Local\Programs\Python\Python39\lib\site-packages\tdvt\exprtests/standard\expected.setup.date.datediff.sow.month.txt
2020-10-29 07:05:56,922 Found expected filepath C:\Users\seb\AppData\Local\Programs\Python\Python39\lib\site-packages\tdvt\exprtests/standard\expected.setup.date.datediff.sow.nulls.txt
2020-10-29 07:05:56,922 Found expected filepath C:\Users\seb\AppData\Local\Programs\Python\Python39\lib\site-packages\tdvt\exprtests/standard\expected.setup.date.datediff.sow.quarter.txt
2020-10-29 07:05:56,922 Found expected filepath C:\Users\seb\AppData\Local\Programs\Python\Python39\lib\site-packages\tdvt\exprtests/standard\expected.setup.date.datediff.sow.year.txt
2020-10-29 07:05:56,922 Found expected filepath C:\Users\seb\AppData\Local\Programs\Python\Python39\lib\site-packages\tdvt\exprtests/standard\expected.setup.date.datediff.year.txt
2020-10-29 07:05:56,922 Found expected filepath C:\Users\seb\AppData\Local\Programs\Python\Python39\lib\site-packages\tdvt\exprtests/standard\expected.setup.date.datename.day.txt
2020-10-29 07:05:56,922 Found expected filepath C:\Users\seb\AppData\Local\Programs\Python\Python39\lib\site-packages\tdvt\exprtests/standard\expected.setup.date.datename.day.1.txt
2020-10-29 07:05:56,922 Found expected filepath C:\Users\seb\AppData\Local\Programs\Python\Python39\lib\site-packages\tdvt\exprtests/standard\expected.setup.date.datename.day.2.txt
2020-10-29 07:05:56,922 Found expected filepath C:\Users\seb\AppData\Local\Programs\Python\Python39\lib\site-packages\tdvt\exprtests/standard\expected.setup.date.datename.dayofyear.txt
2020-10-29 07:05:56,922 Found expected filepath C:\Users\seb\AppData\Local\Programs\Python\Python39\lib\site-packages\tdvt\exprtests/standard\expected.setup.date.datename.dayofyear.1.txt
2020-10-29 07:05:56,922 Found expected filepath C:\Users\seb\AppData\Local\Programs\Python\Python39\lib\site-packages\tdvt\exprtests/standard\expected.setup.date.datename.dayofyear.2.txt
2020-10-29 07:05:56,922 Found expected filepath C:\Users\seb\AppData\Local\Programs\Python\Python39\lib\site-packages\tdvt\exprtests/standard\expected.setup.date.datename.hour.txt
2020-10-29 07:05:56,922 Found expected filepath C:\Users\seb\AppData\Local\Programs\Python\Python39\lib\site-packages\tdvt\exprtests/standard\expected.setup.date.datename.hour.1.txt
2020-10-29 07:05:56,922 Found expected filepath C:\Users\seb\AppData\Local\Programs\Python\Python39\lib\site-packages\tdvt\exprtests/standard\expected.setup.date.datename.hour.2.txt
2020-10-29 07:05:56,922 Found expected filepath C:\Users\seb\AppData\Local\Programs\Python\Python39\lib\site-packages\tdvt\exprtests/standard\expected.setup.date.datename.minute.txt
2020-10-29 07:05:56,922 Found expected filepath C:\Users\seb\AppData\Local\Programs\Python\Python39\lib\site-packages\tdvt\exprtests/standard\expected.setup.date.datename.minute.1.txt
2020-10-29 07:05:56,922 Found expected filepath C:\Users\seb\AppData\Local\Programs\Python\Python39\lib\site-packages\tdvt\exprtests/standard\expected.setup.date.datename.minute.2.txt
2020-10-29 07:05:56,922 Found expected filepath C:\Users\seb\AppData\Local\Programs\Python\Python39\lib\site-packages\tdvt\exprtests/standard\expected.setup.date.datename.month.txt
2020-10-29 07:05:56,922 Found expected filepath C:\Users\seb\AppData\Local\Programs\Python\Python39\lib\site-packages\tdvt\exprtests/standard\expected.setup.date.datename.month.1.txt
2020-10-29 07:05:56,922 Found expected filepath C:\Users\seb\AppData\Local\Programs\Python\Python39\lib\site-packages\tdvt\exprtests/standard\expected.setup.date.datename.month.2.txt
2020-10-29 07:05:56,922 Found expected filepath C:\Users\seb\AppData\Local\Programs\Python\Python39\lib\site-packages\tdvt\exprtests/standard\expected.setup.date.datename.month.3.txt
2020-10-29 07:05:56,922 Found expected filepath C:\Users\seb\AppData\Local\Programs\Python\Python39\lib\site-packages\tdvt\exprtests/standard\expected.setup.date.datename.month.4.txt
2020-10-29 07:05:56,922 Found expected filepath C:\Users\seb\AppData\Local\Programs\Python\Python39\lib\site-packages\tdvt\exprtests/standard\expected.setup.date.datename.month.5.txt
2020-10-29 07:05:56,922 Found expected filepath C:\Users\seb\AppData\Local\Programs\Python\Python39\lib\site-packages\tdvt\exprtests/standard\expected.setup.date.datename.nulls.txt
2020-10-29 07:05:56,922 Found expected filepath C:\Users\seb\AppData\Local\Programs\Python\Python39\lib\site-packages\tdvt\exprtests/standard\expected.setup.date.datename.nulls.1.txt
2020-10-29 07:05:56,922 Found expected filepath C:\Users\seb\AppData\Local\Programs\Python\Python39\lib\site-packages\tdvt\exprtests/standard\expected.setup.date.datename.quarter.txt
2020-10-29 07:05:56,938 Found expected filepath C:\Users\seb\AppData\Local\Programs\Python\Python39\lib\site-packages\tdvt\exprtests/standard\expected.setup.date.datename.quarter.1.txt
2020-10-29 07:05:56,938 Found expected filepath C:\Users\seb\AppData\Local\Programs\Python\Python39\lib\site-packages\tdvt\exprtests/standard\expected.setup.date.datename.second.txt
2020-10-29 07:05:56,938 Found expected filepath C:\Users\seb\AppData\Local\Programs\Python\Python39\lib\site-packages\tdvt\exprtests/standard\expected.setup.date.datename.second.1.txt
2020-10-29 07:05:56,938 Found expected filepath C:\Users\seb\AppData\Local\Programs\Python\Python39\lib\site-packages\tdvt\exprtests/standard\expected.setup.date.datename.second.2.txt
2020-10-29 07:05:56,938 Found expected filepath C:\Users\seb\AppData\Local\Programs\Python\Python39\lib\site-packages\tdvt\exprtests/standard\expected.setup.date.datename.sow.day.txt
2020-10-29 07:05:56,938 Found expected filepath C:\Users\seb\AppData\Local\Programs\Python\Python39\lib\site-packages\tdvt\exprtests/standard\expected.setup.date.datename.sow.day.1.txt
2020-10-29 07:05:56,938 Found expected filepath C:\Users\seb\AppData\Local\Programs\Python\Python39\lib\site-packages\tdvt\exprtests/standard\expected.setup.date.datename.sow.day.2.txt
2020-10-29 07:05:56,938 Found expected filepath C:\Users\seb\AppData\Local\Programs\Python\Python39\lib\site-packages\tdvt\exprtests/standard\expected.setup.date.datename.sow.dayofyear.txt
2020-10-29 07:05:56,938 Found expected filepath C:\Users\seb\AppData\Local\Programs\Python\Python39\lib\site-packages\tdvt\exprtests/standard\expected.setup.date.datename.sow.dayofyear.1.txt
2020-10-29 07:05:56,938 Found expected filepath C:\Users\seb\AppData\Local\Programs\Python\Python39\lib\site-packages\tdvt\exprtests/standard\expected.setup.date.datename.sow.dayofyear.2.txt
2020-10-29 07:05:56,938 Found expected filepath C:\Users\seb\AppData\Local\Programs\Python\Python39\lib\site-packages\tdvt\exprtests/standard\expected.setup.date.datename.sow.hour.txt
2020-10-29 07:05:56,938 Found expected filepath C:\Users\seb\AppData\Local\Programs\Python\Python39\lib\site-packages\tdvt\exprtests/standard\expected.setup.date.datename.sow.hour.1.txt
2020-10-29 07:05:56,938 Found expected filepath C:\Users\seb\AppData\Local\Programs\Python\Python39\lib\site-packages\tdvt\exprtests/standard\expected.setup.date.datename.sow.hour.2.txt
2020-10-29 07:05:56,938 Found expected filepath C:\Users\seb\AppData\Local\Programs\Python\Python39\lib\site-packages\tdvt\exprtests/standard\expected.setup.date.datename.sow.minute.txt
2020-10-29 07:05:56,938 Found expected filepath C:\Users\seb\AppData\Local\Programs\Python\Python39\lib\site-packages\tdvt\exprtests/standard\expected.setup.date.datename.sow.minute.1.txt
2020-10-29 07:05:56,938 Found expected filepath C:\Users\seb\AppData\Local\Programs\Python\Python39\lib\site-packages\tdvt\exprtests/standard\expected.setup.date.datename.sow.minute.2.txt
2020-10-29 07:05:56,938 Found expected filepath C:\Users\seb\AppData\Local\Programs\Python\Python39\lib\site-packages\tdvt\exprtests/standard\expected.setup.date.datename.sow.month.txt
2020-10-29 07:05:56,938 Found expected filepath C:\Users\seb\AppData\Local\Programs\Python\Python39\lib\site-packages\tdvt\exprtests/standard\expected.setup.date.datename.sow.month.1.txt
2020-10-29 07:05:56,938 Found expected filepath C:\Users\seb\AppData\Local\Programs\Python\Python39\lib\site-packages\tdvt\exprtests/standard\expected.setup.date.datename.sow.month.2.txt
2020-10-29 07:05:56,938 Found expected filepath C:\Users\seb\AppData\Local\Programs\Python\Python39\lib\site-packages\tdvt\exprtests/standard\expected.setup.date.datename.sow.month.3.txt
2020-10-29 07:05:56,938 Found expected filepath C:\Users\seb\AppData\Local\Programs\Python\Python39\lib\site-packages\tdvt\exprtests/standard\expected.setup.date.datename.sow.month.4.txt
2020-10-29 07:05:56,938 Found expected filepath C:\Users\seb\AppData\Local\Programs\Python\Python39\lib\site-packages\tdvt\exprtests/standard\expected.setup.date.datename.sow.month.5.txt
2020-10-29 07:05:56,938 Found expected filepath C:\Users\seb\AppData\Local\Programs\Python\Python39\lib\site-packages\tdvt\exprtests/standard\expected.setup.date.datename.sow.nulls.txt
2020-10-29 07:05:56,938 Found expected filepath C:\Users\seb\AppData\Local\Programs\Python\Python39\lib\site-packages\tdvt\exprtests/standard\expected.setup.date.datename.sow.nulls.1.txt
2020-10-29 07:05:56,938 Found expected filepath C:\Users\seb\AppData\Local\Programs\Python\Python39\lib\site-packages\tdvt\exprtests/standard\expected.setup.date.datename.sow.quarter.txt
2020-10-29 07:05:56,938 Found expected filepath C:\Users\seb\AppData\Local\Programs\Python\Python39\lib\site-packages\tdvt\exprtests/standard\expected.setup.date.datename.sow.quarter.1.txt
2020-10-29 07:05:56,938 Found expected filepath C:\Users\seb\AppData\Local\Programs\Python\Python39\lib\site-packages\tdvt\exprtests/standard\expected.setup.date.datename.sow.second.txt
2020-10-29 07:05:56,938 Found expected filepath C:\Users\seb\AppData\Local\Programs\Python\Python39\lib\site-packages\tdvt\exprtests/standard\expected.setup.date.datename.sow.second.1.txt
2020-10-29 07:05:56,938 Found expected filepath C:\Users\seb\AppData\Local\Programs\Python\Python39\lib\site-packages\tdvt\exprtests/standard\expected.setup.date.datename.sow.second.2.txt
2020-10-29 07:05:56,938 Found expected filepath C:\Users\seb\AppData\Local\Programs\Python\Python39\lib\site-packages\tdvt\exprtests/standard\expected.setup.date.datename.sow.week.txt
2020-10-29 07:05:56,938 Found expected filepath C:\Users\seb\AppData\Local\Programs\Python\Python39\lib\site-packages\tdvt\exprtests/standard\expected.setup.date.datename.sow.week.1.txt
2020-10-29 07:05:56,938 Found expected filepath C:\Users\seb\AppData\Local\Programs\Python\Python39\lib\site-packages\tdvt\exprtests/standard\expected.setup.date.datename.sow.week.2.txt
2020-10-29 07:05:56,938 Found expected filepath C:\Users\seb\AppData\Local\Programs\Python\Python39\lib\site-packages\tdvt\exprtests/standard\expected.setup.date.datename.sow.weekday.txt
2020-10-29 07:05:56,938 Found expected filepath C:\Users\seb\AppData\Local\Programs\Python\Python39\lib\site-packages\tdvt\exprtests/standard\expected.setup.date.datename.sow.weekday.1.txt
2020-10-29 07:05:56,938 Found expected filepath C:\Users\seb\AppData\Local\Programs\Python\Python39\lib\site-packages\tdvt\exprtests/standard\expected.setup.date.datename.sow.weekday.2.txt
2020-10-29 07:05:56,938 Found expected filepath C:\Users\seb\AppData\Local\Programs\Python\Python39\lib\site-packages\tdvt\exprtests/standard\expected.setup.date.datename.sow.weekday.3.txt
2020-10-29 07:05:56,938 Found expected filepath C:\Users\seb\AppData\Local\Programs\Python\Python39\lib\site-packages\tdvt\exprtests/standard\expected.setup.date.datename.sow.weekday.4.txt
2020-10-29 07:05:56,938 Found expected filepath C:\Users\seb\AppData\Local\Programs\Python\Python39\lib\site-packages\tdvt\exprtests/standard\expected.setup.date.datename.sow.weekday.5.txt
2020-10-29 07:05:56,938 Found expected filepath C:\Users\seb\AppData\Local\Programs\Python\Python39\lib\site-packages\tdvt\exprtests/standard\expected.setup.date.datename.sow.weekday.6.txt
2020-10-29 07:05:56,938 Found expected filepath C:\Users\seb\AppData\Local\Programs\Python\Python39\lib\site-packages\tdvt\exprtests/standard\expected.setup.date.datename.sow.year.txt
2020-10-29 07:05:56,938 Found expected filepath C:\Users\seb\AppData\Local\Programs\Python\Python39\lib\site-packages\tdvt\exprtests/standard\expected.setup.date.datename.sow.year.1.txt
2020-10-29 07:05:56,938 Found expected filepath C:\Users\seb\AppData\Local\Programs\Python\Python39\lib\site-packages\tdvt\exprtests/standard\expected.setup.date.datename.week.txt
2020-10-29 07:05:56,938 Found expected filepath C:\Users\seb\AppData\Local\Programs\Python\Python39\lib\site-packages\tdvt\exprtests/standard\expected.setup.date.datename.week.1.txt
2020-10-29 07:05:56,938 Found expected filepath C:\Users\seb\AppData\Local\Programs\Python\Python39\lib\site-packages\tdvt\exprtests/standard\expected.setup.date.datename.weekday.txt
2020-10-29 07:05:56,938 Found expected filepath C:\Users\seb\AppData\Local\Programs\Python\Python39\lib\site-packages\tdvt\exprtests/standard\expected.setup.date.datename.weekday.1.txt
2020-10-29 07:05:56,938 Found expected filepath C:\Users\seb\AppData\Local\Programs\Python\Python39\lib\site-packages\tdvt\exprtests/standard\expected.setup.date.datename.weekday.2.txt
2020-10-29 07:05:56,938 Found expected filepath C:\Users\seb\AppData\Local\Programs\Python\Python39\lib\site-packages\tdvt\exprtests/standard\expected.setup.date.datename.weekday.3.txt
2020-10-29 07:05:56,938 Found expected filepath C:\Users\seb\AppData\Local\Programs\Python\Python39\lib\site-packages\tdvt\exprtests/standard\expected.setup.date.datename.weekday.4.txt
2020-10-29 07:05:56,938 Found expected filepath C:\Users\seb\AppData\Local\Programs\Python\Python39\lib\site-packages\tdvt\exprtests/standard\expected.setup.date.datename.weekday.5.txt
2020-10-29 07:05:56,938 Found expected filepath C:\Users\seb\AppData\Local\Programs\Python\Python39\lib\site-packages\tdvt\exprtests/standard\expected.setup.date.datename.year.txt
2020-10-29 07:05:56,938 Found expected filepath C:\Users\seb\AppData\Local\Programs\Python\Python39\lib\site-packages\tdvt\exprtests/standard\expected.setup.date.datename.year.1.txt
2020-10-29 07:05:56,938 Found expected filepath C:\Users\seb\AppData\Local\Programs\Python\Python39\lib\site-packages\tdvt\exprtests/standard\expected.setup.date.datepart.dateadd.defect603107.txt
2020-10-29 07:05:56,938 Found expected filepath C:\Users\seb\AppData\Local\Programs\Python\Python39\lib\site-packages\tdvt\exprtests/standard\expected.setup.date.datepart.day.txt
2020-10-29 07:05:56,938 Found expected filepath C:\Users\seb\AppData\Local\Programs\Python\Python39\lib\site-packages\tdvt\exprtests/standard\expected.setup.date.datepart.dayofyear.txt
2020-10-29 07:05:56,938 Found expected filepath C:\Users\seb\AppData\Local\Programs\Python\Python39\lib\site-packages\tdvt\exprtests/standard\expected.setup.date.datepart.hour.txt
2020-10-29 07:05:56,938 Found expected filepath C:\Users\seb\AppData\Local\Programs\Python\Python39\lib\site-packages\tdvt\exprtests/standard\expected.setup.date.datepart.minute.txt
2020-10-29 07:05:56,938 Found expected filepath C:\Users\seb\AppData\Local\Programs\Python\Python39\lib\site-packages\tdvt\exprtests/standard\expected.setup.date.datepart.month.txt
2020-10-29 07:05:56,938 Found expected filepath C:\Users\seb\AppData\Local\Programs\Python\Python39\lib\site-packages\tdvt\exprtests/standard\expected.setup.date.datepart.nulls.txt
2020-10-29 07:05:56,938 Found expected filepath C:\Users\seb\AppData\Local\Programs\Python\Python39\lib\site-packages\tdvt\exprtests/standard\expected.setup.date.datepart.quarter.txt
2020-10-29 07:05:56,938 Found expected filepath C:\Users\seb\AppData\Local\Programs\Python\Python39\lib\site-packages\tdvt\exprtests/standard\expected.setup.date.datepart.sow.day.txt
2020-10-29 07:05:56,938 Found expected filepath C:\Users\seb\AppData\Local\Programs\Python\Python39\lib\site-packages\tdvt\exprtests/standard\expected.setup.date.datepart.sow.day.1.txt
2020-10-29 07:05:56,938 Found expected filepath C:\Users\seb\AppData\Local\Programs\Python\Python39\lib\site-packages\tdvt\exprtests/standard\expected.setup.date.datepart.sow.dayofyear.txt
2020-10-29 07:05:56,938 Found expected filepath C:\Users\seb\AppData\Local\Programs\Python\Python39\lib\site-packages\tdvt\exprtests/standard\expected.setup.date.datepart.sow.hour.txt
2020-10-29 07:05:56,938 Found expected filepath C:\Users\seb\AppData\Local\Programs\Python\Python39\lib\site-packages\tdvt\exprtests/standard\expected.setup.date.datepart.sow.minute.txt
2020-10-29 07:05:56,938 Found expected filepath C:\Users\seb\AppData\Local\Programs\Python\Python39\lib\site-packages\tdvt\exprtests/standard\expected.setup.date.datepart.sow.month.txt
2020-10-29 07:05:56,938 Found expected filepath C:\Users\seb\AppData\Local\Programs\Python\Python39\lib\site-packages\tdvt\exprtests/standard\expected.setup.date.datepart.sow.nulls.txt
2020-10-29 07:05:56,953 Found expected filepath C:\Users\seb\AppData\Local\Programs\Python\Python39\lib\site-packages\tdvt\exprtests/standard\expected.setup.date.datepart.sow.quarter.txt
2020-10-29 07:05:56,953 Found expected filepath C:\Users\seb\AppData\Local\Programs\Python\Python39\lib\site-packages\tdvt\exprtests/standard\expected.setup.date.datepart.sow.week.txt
2020-10-29 07:05:56,953 Found expected filepath C:\Users\seb\AppData\Local\Programs\Python\Python39\lib\site-packages\tdvt\exprtests/standard\expected.setup.date.datepart.sow.week.1.txt
2020-10-29 07:05:56,953 Found expected filepath C:\Users\seb\AppData\Local\Programs\Python\Python39\lib\site-packages\tdvt\exprtests/standard\expected.setup.date.datepart.sow.week.2.txt
2020-10-29 07:05:56,953 Found expected filepath C:\Users\seb\AppData\Local\Programs\Python\Python39\lib\site-packages\tdvt\exprtests/standard\expected.setup.date.datepart.sow.weekday.txt
2020-10-29 07:05:56,953 Found expected filepath C:\Users\seb\AppData\Local\Programs\Python\Python39\lib\site-packages\tdvt\exprtests/standard\expected.setup.date.datepart.sow.year.txt
2020-10-29 07:05:56,953 Found expected filepath C:\Users\seb\AppData\Local\Programs\Python\Python39\lib\site-packages\tdvt\exprtests/standard\expected.setup.date.datepart.week.txt
2020-10-29 07:05:56,953 Found expected filepath C:\Users\seb\AppData\Local\Programs\Python\Python39\lib\site-packages\tdvt\exprtests/standard\expected.setup.date.datepart.week.1.txt
2020-10-29 07:05:56,953 Found expected filepath C:\Users\seb\AppData\Local\Programs\Python\Python39\lib\site-packages\tdvt\exprtests/standard\expected.setup.date.datepart.weekday.txt
2020-10-29 07:05:56,953 Found expected filepath C:\Users\seb\AppData\Local\Programs\Python\Python39\lib\site-packages\tdvt\exprtests/standard\expected.setup.date.datepart.year.txt
2020-10-29 07:05:56,953 Found expected filepath C:\Users\seb\AppData\Local\Programs\Python\Python39\lib\site-packages\tdvt\exprtests/standard\expected.setup.date.datetrunc.day.txt
2020-10-29 07:05:56,953 Found expected filepath C:\Users\seb\AppData\Local\Programs\Python\Python39\lib\site-packages\tdvt\exprtests/standard\expected.setup.date.datetrunc.dayofyear.txt
2020-10-29 07:05:56,953 Found expected filepath C:\Users\seb\AppData\Local\Programs\Python\Python39\lib\site-packages\tdvt\exprtests/standard\expected.setup.date.datetrunc.hour.txt
2020-10-29 07:05:56,953 Found expected filepath C:\Users\seb\AppData\Local\Programs\Python\Python39\lib\site-packages\tdvt\exprtests/standard\expected.setup.date.datetrunc.minute.txt
2020-10-29 07:05:56,953 Found expected filepath C:\Users\seb\AppData\Local\Programs\Python\Python39\lib\site-packages\tdvt\exprtests/standard\expected.setup.date.datetrunc.month.txt
2020-10-29 07:05:56,953 Found expected filepath C:\Users\seb\AppData\Local\Programs\Python\Python39\lib\site-packages\tdvt\exprtests/standard\expected.setup.date.datetrunc.nulls.txt
2020-10-29 07:05:56,953 Found expected filepath C:\Users\seb\AppData\Local\Programs\Python\Python39\lib\site-packages\tdvt\exprtests/standard\expected.setup.date.datetrunc.quarter.txt
2020-10-29 07:05:56,953 Found expected filepath C:\Users\seb\AppData\Local\Programs\Python\Python39\lib\site-packages\tdvt\exprtests/standard\expected.setup.date.datetrunc.second.txt
2020-10-29 07:05:56,953 Found expected filepath C:\Users\seb\AppData\Local\Programs\Python\Python39\lib\site-packages\tdvt\exprtests/standard\expected.setup.date.datetrunc.sow.day.txt
2020-10-29 07:05:56,953 Found expected filepath C:\Users\seb\AppData\Local\Programs\Python\Python39\lib\site-packages\tdvt\exprtests/standard\expected.setup.date.datetrunc.sow.dayofyear.txt
2020-10-29 07:05:56,953 Found expected filepath C:\Users\seb\AppData\Local\Programs\Python\Python39\lib\site-packages\tdvt\exprtests/standard\expected.setup.date.datetrunc.sow.hour.txt
2020-10-29 07:05:56,953 Found expected filepath C:\Users\seb\AppData\Local\Programs\Python\Python39\lib\site-packages\tdvt\exprtests/standard\expected.setup.date.datetrunc.sow.minute.txt
2020-10-29 07:05:56,953 Found expected filepath C:\Users\seb\AppData\Local\Programs\Python\Python39\lib\site-packages\tdvt\exprtests/standard\expected.setup.date.datetrunc.sow.month.txt
2020-10-29 07:05:56,953 Found expected filepath C:\Users\seb\AppData\Local\Programs\Python\Python39\lib\site-packages\tdvt\exprtests/standard\expected.setup.date.datetrunc.sow.nulls.txt
2020-10-29 07:05:56,953 Found expected filepath C:\Users\seb\AppData\Local\Programs\Python\Python39\lib\site-packages\tdvt\exprtests/standard\expected.setup.date.datetrunc.sow.quarter.txt
2020-10-29 07:05:56,953 Found expected filepath C:\Users\seb\AppData\Local\Programs\Python\Python39\lib\site-packages\tdvt\exprtests/standard\expected.setup.date.datetrunc.sow.second.txt
2020-10-29 07:05:56,953 Found expected filepath C:\Users\seb\AppData\Local\Programs\Python\Python39\lib\site-packages\tdvt\exprtests/standard\expected.setup.date.datetrunc.sow.week.txt
2020-10-29 07:05:56,953 Found expected filepath C:\Users\seb\AppData\Local\Programs\Python\Python39\lib\site-packages\tdvt\exprtests/standard\expected.setup.date.datetrunc.sow.weekday.txt
2020-10-29 07:05:56,953 Found expected filepath C:\Users\seb\AppData\Local\Programs\Python\Python39\lib\site-packages\tdvt\exprtests/standard\expected.setup.date.datetrunc.sow.year.txt
2020-10-29 07:05:56,953 Found expected filepath C:\Users\seb\AppData\Local\Programs\Python\Python39\lib\site-packages\tdvt\exprtests/standard\expected.setup.date.datetrunc.week.txt
2020-10-29 07:05:56,953 Found expected filepath C:\Users\seb\AppData\Local\Programs\Python\Python39\lib\site-packages\tdvt\exprtests/standard\expected.setup.date.datetrunc.weekday.txt
2020-10-29 07:05:56,953 Found expected filepath C:\Users\seb\AppData\Local\Programs\Python\Python39\lib\site-packages\tdvt\exprtests/standard\expected.setup.date.datetrunc.year.txt
2020-10-29 07:05:56,953 Found expected filepath C:\Users\seb\AppData\Local\Programs\Python\Python39\lib\site-packages\tdvt\exprtests/standard\expected.setup.date.math.date_minus_date.txt
2020-10-29 07:05:56,953 Found expected filepath C:\Users\seb\AppData\Local\Programs\Python\Python39\lib\site-packages\tdvt\exprtests/standard\expected.setup.date.math.date_minus_date.1.txt
2020-10-29 07:05:56,953 Found expected filepath C:\Users\seb\AppData\Local\Programs\Python\Python39\lib\site-packages\tdvt\exprtests/standard\expected.setup.date.math.txt
2020-10-29 07:05:56,953 Found expected filepath C:\Users\seb\AppData\Local\Programs\Python\Python39\lib\site-packages\tdvt\exprtests/standard\expected.setup.date.math.1.txt
2020-10-29 07:05:56,953 Found expected filepath C:\Users\seb\AppData\Local\Programs\Python\Python39\lib\site-packages\tdvt\exprtests/standard\expected.setup.date.math.2.txt
2020-10-29 07:05:56,953 Found expected filepath C:\Users\seb\AppData\Local\Programs\Python\Python39\lib\site-packages\tdvt\exprtests/standard\expected.setup.date.math.3.txt
2020-10-29 07:05:56,953 Found expected filepath C:\Users\seb\AppData\Local\Programs\Python\Python39\lib\site-packages\tdvt\exprtests/standard\expected.setup.date.math.4.txt
2020-10-29 07:05:56,953 Found expected filepath C:\Users\seb\AppData\Local\Programs\Python\Python39\lib\site-packages\tdvt\exprtests/standard\expected.setup.date.math.5.txt
2020-10-29 07:05:56,953 Found expected filepath C:\Users\seb\AppData\Local\Programs\Python\Python39\lib\site-packages\tdvt\exprtests/standard\expected.setup.date.math.6.txt
2020-10-29 07:05:56,953 Found expected filepath C:\Users\seb\AppData\Local\Programs\Python\Python39\lib\site-packages\tdvt\exprtests/standard\expected.setup.date.math.7.txt
2020-10-29 07:05:56,953 Found expected filepath C:\Users\seb\AppData\Local\Programs\Python\Python39\lib\site-packages\tdvt\exprtests/standard\expected.setup.date.math.8.txt
2020-10-29 07:05:56,953 Found expected filepath C:\Users\seb\AppData\Local\Programs\Python\Python39\lib\site-packages\tdvt\exprtests/standard\expected.setup.date.max.txt
2020-10-29 07:05:56,953 Found expected filepath C:\Users\seb\AppData\Local\Programs\Python\Python39\lib\site-packages\tdvt\exprtests/standard\expected.setup.date.max.1.txt
2020-10-29 07:05:56,953 Found expected filepath C:\Users\seb\AppData\Local\Programs\Python\Python39\lib\site-packages\tdvt\exprtests/standard\expected.setup.date.min.txt
2020-10-29 07:05:56,953 Found expected filepath C:\Users\seb\AppData\Local\Programs\Python\Python39\lib\site-packages\tdvt\exprtests/standard\expected.setup.date.min.1.txt
2020-10-29 07:05:56,953 Found expected filepath C:\Users\seb\AppData\Local\Programs\Python\Python39\lib\site-packages\tdvt\exprtests/standard\expected.setup.date.misc.txt
2020-10-29 07:05:56,969 Found expected filepath C:\Users\seb\AppData\Local\Programs\Python\Python39\lib\site-packages\tdvt\exprtests/standard\expected.setup.date.now.txt
2020-10-29 07:05:56,969 Found expected filepath C:\Users\seb\AppData\Local\Programs\Python\Python39\lib\site-packages\tdvt\exprtests/standard\expected.setup.date.today.txt
2020-10-29 07:05:56,969 Found expected filepath C:\Users\seb\AppData\Local\Programs\Python\Python39\lib\site-packages\tdvt\exprtests/standard\expected.setup.datetime.cast.date.txt
2020-10-29 07:05:56,969 Found expected filepath C:\Users\seb\AppData\Local\Programs\Python\Python39\lib\site-packages\tdvt\exprtests/standard\expected.setup.datetime.cast.date.1.txt
2020-10-29 07:05:56,969 Found expected filepath C:\Users\seb\AppData\Local\Programs\Python\Python39\lib\site-packages\tdvt\exprtests/standard\expected.setup.datetime.cast.date.2.txt
2020-10-29 07:05:56,969 Found expected filepath C:\Users\seb\AppData\Local\Programs\Python\Python39\lib\site-packages\tdvt\exprtests/standard\expected.setup.datetime.cast.float.txt
2020-10-29 07:05:56,969 Found expected filepath C:\Users\seb\AppData\Local\Programs\Python\Python39\lib\site-packages\tdvt\exprtests/standard\expected.setup.datetime.cast.float.1.txt
2020-10-29 07:05:56,969 Found expected filepath C:\Users\seb\AppData\Local\Programs\Python\Python39\lib\site-packages\tdvt\exprtests/standard\expected.setup.datetime.cast.float.2.txt
2020-10-29 07:05:56,969 Found expected filepath C:\Users\seb\AppData\Local\Programs\Python\Python39\lib\site-packages\tdvt\exprtests/standard\expected.setup.datetime.cast.float.3.txt
2020-10-29 07:05:56,969 Found expected filepath C:\Users\seb\AppData\Local\Programs\Python\Python39\lib\site-packages\tdvt\exprtests/standard\expected.setup.datetime.cast.float.4.txt
2020-10-29 07:05:56,969 Found expected filepath C:\Users\seb\AppData\Local\Programs\Python\Python39\lib\site-packages\tdvt\exprtests/standard\expected.setup.datetime.cast.float.5.txt
2020-10-29 07:05:56,969 Found expected filepath C:\Users\seb\AppData\Local\Programs\Python\Python39\lib\site-packages\tdvt\exprtests/standard\expected.setup.datetime.cast.float.6.txt
2020-10-29 07:05:56,969 Found expected filepath C:\Users\seb\AppData\Local\Programs\Python\Python39\lib\site-packages\tdvt\exprtests/standard\expected.setup.datetime.cast.float.7.txt
2020-10-29 07:05:56,969 Found expected filepath C:\Users\seb\AppData\Local\Programs\Python\Python39\lib\site-packages\tdvt\exprtests/standard\expected.setup.datetime.cast.float.8.txt
2020-10-29 07:05:56,969 Found expected filepath C:\Users\seb\AppData\Local\Programs\Python\Python39\lib\site-packages\tdvt\exprtests/standard\expected.setup.datetime.cast.str.txt
2020-10-29 07:05:56,969 Found expected filepath C:\Users\seb\AppData\Local\Programs\Python\Python39\lib\site-packages\tdvt\exprtests/standard\expected.setup.datetime.cast.str.1.txt
2020-10-29 07:05:56,969 Found expected filepath C:\Users\seb\AppData\Local\Programs\Python\Python39\lib\site-packages\tdvt\exprtests/standard\expected.setup.datetime.cast.str.2.txt
2020-10-29 07:05:56,969 Found expected filepath C:\Users\seb\AppData\Local\Programs\Python\Python39\lib\site-packages\tdvt\exprtests/standard\expected.setup.datetime.cast.str.3.txt
2020-10-29 07:05:56,969 Found expected filepath C:\Users\seb\AppData\Local\Programs\Python\Python39\lib\site-packages\tdvt\exprtests/standard\expected.setup.datetime.cast.str.4.txt
2020-10-29 07:05:56,969 Found expected filepath C:\Users\seb\AppData\Local\Programs\Python\Python39\lib\site-packages\tdvt\exprtests/standard\expected.setup.datetime.cast.str.5.txt
2020-10-29 07:05:56,969 Found expected filepath C:\Users\seb\AppData\Local\Programs\Python\Python39\lib\site-packages\tdvt\exprtests/standard\expected.setup.datetime.cast.str.6.txt
2020-10-29 07:05:56,969 Found expected filepath C:\Users\seb\AppData\Local\Programs\Python\Python39\lib\site-packages\tdvt\exprtests/standard\expected.setup.datetime.cast.str.7.txt
2020-10-29 07:05:56,969 Found expected filepath C:\Users\seb\AppData\Local\Programs\Python\Python39\lib\site-packages\tdvt\exprtests/standard\expected.setup.datetime.cast.str.8.txt
2020-10-29 07:05:56,969 Found expected filepath C:\Users\seb\AppData\Local\Programs\Python\Python39\lib\site-packages\tdvt\exprtests/standard\expected.setup.datetime.cast.str.9.txt
2020-10-29 07:05:56,969 Found expected filepath C:\Users\seb\AppData\Local\Programs\Python\Python39\lib\site-packages\tdvt\exprtests/standard\expected.setup.datetime.cast.str.10.txt
2020-10-29 07:05:56,969 Found expected filepath C:\Users\seb\AppData\Local\Programs\Python\Python39\lib\site-packages\tdvt\exprtests/standard\expected.setup.datetime.cast.str.11.txt
2020-10-29 07:05:56,969 Found expected filepath C:\Users\seb\AppData\Local\Programs\Python\Python39\lib\site-packages\tdvt\exprtests/standard\expected.setup.datetime.cast.str.12.txt
2020-10-29 07:05:56,969 Found expected filepath C:\Users\seb\AppData\Local\Programs\Python\Python39\lib\site-packages\tdvt\exprtests/standard\expected.setup.logical.bool.txt
2020-10-29 07:05:56,969 Found expected filepath C:\Users\seb\AppData\Local\Programs\Python\Python39\lib\site-packages\tdvt\exprtests/standard\expected.setup.logical.bool.1.txt
2020-10-29 07:05:56,969 Found expected filepath C:\Users\seb\AppData\Local\Programs\Python\Python39\lib\site-packages\tdvt\exprtests/standard\expected.setup.logical.bool.2.txt
2020-10-29 07:05:56,969 Found expected filepath C:\Users\seb\AppData\Local\Programs\Python\Python39\lib\site-packages\tdvt\exprtests/standard\expected.setup.logical.bool.3.txt
2020-10-29 07:05:56,969 Found expected filepath C:\Users\seb\AppData\Local\Programs\Python\Python39\lib\site-packages\tdvt\exprtests/standard\expected.setup.logical.bool.4.txt
2020-10-29 07:05:56,969 Found expected filepath C:\Users\seb\AppData\Local\Programs\Python\Python39\lib\site-packages\tdvt\exprtests/standard\expected.setup.logical.case.null.txt
2020-10-29 07:05:56,969 Found expected filepath C:\Users\seb\AppData\Local\Programs\Python\Python39\lib\site-packages\tdvt\exprtests/standard\expected.setup.logical.case.null.1.txt
2020-10-29 07:05:56,969 Found expected filepath C:\Users\seb\AppData\Local\Programs\Python\Python39\lib\site-packages\tdvt\exprtests/standard\expected.setup.logical.case.str.txt
2020-10-29 07:05:56,969 Found expected filepath C:\Users\seb\AppData\Local\Programs\Python\Python39\lib\site-packages\tdvt\exprtests/standard\expected.setup.logical.ifnull.txt
2020-10-29 07:05:56,969 Found expected filepath C:\Users\seb\AppData\Local\Programs\Python\Python39\lib\site-packages\tdvt\exprtests/standard\expected.setup.logical.ifnull.1.txt
2020-10-29 07:05:56,969 Found expected filepath C:\Users\seb\AppData\Local\Programs\Python\Python39\lib\site-packages\tdvt\exprtests/standard\expected.setup.logical.txt
2020-10-29 07:05:56,969 Found expected filepath C:\Users\seb\AppData\Local\Programs\Python\Python39\lib\site-packages\tdvt\exprtests/standard\expected.setup.logical.1.txt
2020-10-29 07:05:56,969 Found expected filepath C:\Users\seb\AppData\Local\Programs\Python\Python39\lib\site-packages\tdvt\exprtests/standard\expected.setup.logical.2.txt
2020-10-29 07:05:56,969 Found expected filepath C:\Users\seb\AppData\Local\Programs\Python\Python39\lib\site-packages\tdvt\exprtests/standard\expected.setup.logical.3.txt
2020-10-29 07:05:56,969 Found expected filepath C:\Users\seb\AppData\Local\Programs\Python\Python39\lib\site-packages\tdvt\exprtests/standard\expected.setup.logical.4.txt
2020-10-29 07:05:56,969 Found expected filepath C:\Users\seb\AppData\Local\Programs\Python\Python39\lib\site-packages\tdvt\exprtests/standard\expected.setup.logical.5.txt
2020-10-29 07:05:56,969 Found expected filepath C:\Users\seb\AppData\Local\Programs\Python\Python39\lib\site-packages\tdvt\exprtests/standard\expected.setup.logical.6.txt
2020-10-29 07:05:56,969 Found expected filepath C:\Users\seb\AppData\Local\Programs\Python\Python39\lib\site-packages\tdvt\exprtests/standard\expected.setup.logical.7.txt
2020-10-29 07:05:56,969 Found expected filepath C:\Users\seb\AppData\Local\Programs\Python\Python39\lib\site-packages\tdvt\exprtests/standard\expected.setup.logical.8.txt
2020-10-29 07:05:56,969 Found expected filepath C:\Users\seb\AppData\Local\Programs\Python\Python39\lib\site-packages\tdvt\exprtests/standard\expected.setup.logical.9.txt
2020-10-29 07:05:56,969 Found expected filepath C:\Users\seb\AppData\Local\Programs\Python\Python39\lib\site-packages\tdvt\exprtests/standard\expected.setup.math.abs.txt
2020-10-29 07:05:56,969 Found expected filepath C:\Users\seb\AppData\Local\Programs\Python\Python39\lib\site-packages\tdvt\exprtests/standard\expected.setup.math.acos.txt
2020-10-29 07:05:56,969 Found expected filepath C:\Users\seb\AppData\Local\Programs\Python\Python39\lib\site-packages\tdvt\exprtests/standard\expected.setup.math.asin.txt
2020-10-29 07:05:56,969 Found expected filepath C:\Users\seb\AppData\Local\Programs\Python\Python39\lib\site-packages\tdvt\exprtests/standard\expected.setup.math.atan.txt
2020-10-29 07:05:56,969 Found expected filepath C:\Users\seb\AppData\Local\Programs\Python\Python39\lib\site-packages\tdvt\exprtests/standard\expected.setup.math.atan.1.txt
2020-10-29 07:05:56,969 Found expected filepath C:\Users\seb\AppData\Local\Programs\Python\Python39\lib\site-packages\tdvt\exprtests/standard\expected.setup.math.atan2.txt
2020-10-29 07:05:56,969 Found expected filepath C:\Users\seb\AppData\Local\Programs\Python\Python39\lib\site-packages\tdvt\exprtests/standard\expected.setup.math.ceilfloor.txt
2020-10-29 07:05:56,969 Found expected filepath C:\Users\seb\AppData\Local\Programs\Python\Python39\lib\site-packages\tdvt\exprtests/standard\expected.setup.math.ceilfloor.1.txt
2020-10-29 07:05:56,969 Found expected filepath C:\Users\seb\AppData\Local\Programs\Python\Python39\lib\site-packages\tdvt\exprtests/standard\expected.setup.math.cos.txt
2020-10-29 07:05:56,969 Found expected filepath C:\Users\seb\AppData\Local\Programs\Python\Python39\lib\site-packages\tdvt\exprtests/standard\expected.setup.math.cot.txt
2020-10-29 07:05:56,969 Found expected filepath C:\Users\seb\AppData\Local\Programs\Python\Python39\lib\site-packages\tdvt\exprtests/standard\expected.setup.math.degree.txt
2020-10-29 07:05:56,969 Found expected filepath C:\Users\seb\AppData\Local\Programs\Python\Python39\lib\site-packages\tdvt\exprtests/standard\expected.setup.math.exp.txt
2020-10-29 07:05:56,984 Found expected filepath C:\Users\seb\AppData\Local\Programs\Python\Python39\lib\site-packages\tdvt\exprtests/standard\expected.setup.math.hexbin.txt
2020-10-29 07:05:56,984 Found expected filepath C:\Users\seb\AppData\Local\Programs\Python\Python39\lib\site-packages\tdvt\exprtests/standard\expected.setup.math.ln.txt
2020-10-29 07:05:56,984 Found expected filepath C:\Users\seb\AppData\Local\Programs\Python\Python39\lib\site-packages\tdvt\exprtests/standard\expected.setup.math.log.txt
2020-10-29 07:05:56,984 Found expected filepath C:\Users\seb\AppData\Local\Programs\Python\Python39\lib\site-packages\tdvt\exprtests/standard\expected.setup.math.max.txt
2020-10-29 07:05:56,984 Found expected filepath C:\Users\seb\AppData\Local\Programs\Python\Python39\lib\site-packages\tdvt\exprtests/standard\expected.setup.math.min.txt
2020-10-29 07:05:56,984 Found expected filepath C:\Users\seb\AppData\Local\Programs\Python\Python39\lib\site-packages\tdvt\exprtests/standard\expected.setup.math.pi.txt
2020-10-29 07:05:56,984 Found expected filepath C:\Users\seb\AppData\Local\Programs\Python\Python39\lib\site-packages\tdvt\exprtests/standard\expected.setup.math.power.real.txt
2020-10-29 07:05:56,984 Found expected filepath C:\Users\seb\AppData\Local\Programs\Python\Python39\lib\site-packages\tdvt\exprtests/standard\expected.setup.math.power.txt
2020-10-29 07:05:56,984 Found expected filepath C:\Users\seb\AppData\Local\Programs\Python\Python39\lib\site-packages\tdvt\exprtests/standard\expected.setup.math.power.1.txt
2020-10-29 07:05:56,984 Found expected filepath C:\Users\seb\AppData\Local\Programs\Python\Python39\lib\site-packages\tdvt\exprtests/standard\expected.setup.math.radians.txt
2020-10-29 07:05:56,984 Found expected filepath C:\Users\seb\AppData\Local\Programs\Python\Python39\lib\site-packages\tdvt\exprtests/standard\expected.setup.math.round.B584401.txt
2020-10-29 07:05:56,984 Found expected filepath C:\Users\seb\AppData\Local\Programs\Python\Python39\lib\site-packages\tdvt\exprtests/standard\expected.setup.math.round.txt
2020-10-29 07:05:56,984 Found expected filepath C:\Users\seb\AppData\Local\Programs\Python\Python39\lib\site-packages\tdvt\exprtests/standard\expected.setup.math.round.1.txt
2020-10-29 07:05:56,984 Found expected filepath C:\Users\seb\AppData\Local\Programs\Python\Python39\lib\site-packages\tdvt\exprtests/standard\expected.setup.math.round.2.txt
2020-10-29 07:05:56,984 Found expected filepath C:\Users\seb\AppData\Local\Programs\Python\Python39\lib\site-packages\tdvt\exprtests/standard\expected.setup.math.round.3.txt
2020-10-29 07:05:56,984 Found expected filepath C:\Users\seb\AppData\Local\Programs\Python\Python39\lib\site-packages\tdvt\exprtests/standard\expected.setup.math.round.4.txt
2020-10-29 07:05:56,984 Found expected filepath C:\Users\seb\AppData\Local\Programs\Python\Python39\lib\site-packages\tdvt\exprtests/standard\expected.setup.math.sign.txt
2020-10-29 07:05:56,984 Found expected filepath C:\Users\seb\AppData\Local\Programs\Python\Python39\lib\site-packages\tdvt\exprtests/standard\expected.setup.math.sin.txt
2020-10-29 07:05:56,984 Found expected filepath C:\Users\seb\AppData\Local\Programs\Python\Python39\lib\site-packages\tdvt\exprtests/standard\expected.setup.math.sqrt.txt
2020-10-29 07:05:56,984 Found expected filepath C:\Users\seb\AppData\Local\Programs\Python\Python39\lib\site-packages\tdvt\exprtests/standard\expected.setup.math.square.txt
2020-10-29 07:05:56,984 Found expected filepath C:\Users\seb\AppData\Local\Programs\Python\Python39\lib\site-packages\tdvt\exprtests/standard\expected.setup.math.square.1.txt
2020-10-29 07:05:56,984 Found expected filepath C:\Users\seb\AppData\Local\Programs\Python\Python39\lib\site-packages\tdvt\exprtests/standard\expected.setup.math.tan.txt
2020-10-29 07:05:56,984 Found expected filepath C:\Users\seb\AppData\Local\Programs\Python\Python39\lib\site-packages\tdvt\exprtests/standard\expected.setup.math.zn.txt
2020-10-29 07:05:56,984 Found expected filepath C:\Users\seb\AppData\Local\Programs\Python\Python39\lib\site-packages\tdvt\exprtests/standard\expected.setup.operator.bool.txt
2020-10-29 07:05:56,984 Found expected filepath C:\Users\seb\AppData\Local\Programs\Python\Python39\lib\site-packages\tdvt\exprtests/standard\expected.setup.operator.bool.1.txt
2020-10-29 07:05:56,984 Found expected filepath C:\Users\seb\AppData\Local\Programs\Python\Python39\lib\site-packages\tdvt\exprtests/standard\expected.setup.operator.bool.2.txt
2020-10-29 07:05:56,984 Found expected filepath C:\Users\seb\AppData\Local\Programs\Python\Python39\lib\site-packages\tdvt\exprtests/standard\expected.setup.operator.date.txt
2020-10-29 07:05:56,984 Found expected filepath C:\Users\seb\AppData\Local\Programs\Python\Python39\lib\site-packages\tdvt\exprtests/standard\expected.setup.operator.date.1.txt
2020-10-29 07:05:56,984 Found expected filepath C:\Users\seb\AppData\Local\Programs\Python\Python39\lib\site-packages\tdvt\exprtests/standard\expected.setup.operator.date.2.txt
2020-10-29 07:05:56,984 Found expected filepath C:\Users\seb\AppData\Local\Programs\Python\Python39\lib\site-packages\tdvt\exprtests/standard\expected.setup.operator.date.3.txt
2020-10-29 07:05:56,984 Found expected filepath C:\Users\seb\AppData\Local\Programs\Python\Python39\lib\site-packages\tdvt\exprtests/standard\expected.setup.operator.date.4.txt
2020-10-29 07:05:56,984 Found expected filepath C:\Users\seb\AppData\Local\Programs\Python\Python39\lib\site-packages\tdvt\exprtests/standard\expected.setup.operator.date.5.txt
2020-10-29 07:05:56,984 Found expected filepath C:\Users\seb\AppData\Local\Programs\Python\Python39\lib\site-packages\tdvt\exprtests/standard\expected.setup.operator.date.6.txt
2020-10-29 07:05:56,984 Found expected filepath C:\Users\seb\AppData\Local\Programs\Python\Python39\lib\site-packages\tdvt\exprtests/standard\expected.setup.operator.date.7.txt
2020-10-29 07:05:56,984 Found expected filepath C:\Users\seb\AppData\Local\Programs\Python\Python39\lib\site-packages\tdvt\exprtests/standard\expected.setup.operator.date.8.txt
2020-10-29 07:05:56,984 Found expected filepath C:\Users\seb\AppData\Local\Programs\Python\Python39\lib\site-packages\tdvt\exprtests/standard\expected.setup.operator.date.9.txt
2020-10-29 07:05:56,984 Found expected filepath C:\Users\seb\AppData\Local\Programs\Python\Python39\lib\site-packages\tdvt\exprtests/standard\expected.setup.operator.date.10.txt
2020-10-29 07:05:56,984 Found expected filepath C:\Users\seb\AppData\Local\Programs\Python\Python39\lib\site-packages\tdvt\exprtests/standard\expected.setup.operator.date.11.txt
2020-10-29 07:05:56,984 Found expected filepath C:\Users\seb\AppData\Local\Programs\Python\Python39\lib\site-packages\tdvt\exprtests/standard\expected.setup.operator.date.12.txt
2020-10-29 07:05:56,984 Found expected filepath C:\Users\seb\AppData\Local\Programs\Python\Python39\lib\site-packages\tdvt\exprtests/standard\expected.setup.operator.int.txt
2020-10-29 07:05:56,984 Found expected filepath C:\Users\seb\AppData\Local\Programs\Python\Python39\lib\site-packages\tdvt\exprtests/standard\expected.setup.operator.int.1.txt
2020-10-29 07:05:56,984 Found expected filepath C:\Users\seb\AppData\Local\Programs\Python\Python39\lib\site-packages\tdvt\exprtests/standard\expected.setup.operator.int.2.txt
2020-10-29 07:05:56,984 Found expected filepath C:\Users\seb\AppData\Local\Programs\Python\Python39\lib\site-packages\tdvt\exprtests/standard\expected.setup.operator.int.3.txt
2020-10-29 07:05:56,984 Found expected filepath C:\Users\seb\AppData\Local\Programs\Python\Python39\lib\site-packages\tdvt\exprtests/standard\expected.setup.operator.num.txt
2020-10-29 07:05:56,984 Found expected filepath C:\Users\seb\AppData\Local\Programs\Python\Python39\lib\site-packages\tdvt\exprtests/standard\expected.setup.operator.num.1.txt
2020-10-29 07:05:56,984 Found expected filepath C:\Users\seb\AppData\Local\Programs\Python\Python39\lib\site-packages\tdvt\exprtests/standard\expected.setup.operator.num.2.txt
2020-10-29 07:05:56,984 Found expected filepath C:\Users\seb\AppData\Local\Programs\Python\Python39\lib\site-packages\tdvt\exprtests/standard\expected.setup.operator.str.txt
2020-10-29 07:05:56,984 Found expected filepath C:\Users\seb\AppData\Local\Programs\Python\Python39\lib\site-packages\tdvt\exprtests/standard\expected.setup.operator.str.1.txt
2020-10-29 07:05:56,984 Found expected filepath C:\Users\seb\AppData\Local\Programs\Python\Python39\lib\site-packages\tdvt\exprtests/standard\expected.setup.operator.str.2.txt
2020-10-29 07:05:56,984 Found expected filepath C:\Users\seb\AppData\Local\Programs\Python\Python39\lib\site-packages\tdvt\exprtests/standard\expected.setup.string.B21622.txt
2020-10-29 07:05:56,984 Found expected filepath C:\Users\seb\AppData\Local\Programs\Python\Python39\lib\site-packages\tdvt\exprtests/standard\expected.setup.string.B21622.1.txt
2020-10-29 07:05:56,984 Found expected filepath C:\Users\seb\AppData\Local\Programs\Python\Python39\lib\site-packages\tdvt\exprtests/standard\expected.setup.string.ascii.txt
2020-10-29 07:05:56,984 Found expected filepath C:\Users\seb\AppData\Local\Programs\Python\Python39\lib\site-packages\tdvt\exprtests/standard\expected.setup.string.char.txt
2020-10-29 07:05:56,984 Found expected filepath C:\Users\seb\AppData\Local\Programs\Python\Python39\lib\site-packages\tdvt\exprtests/standard\expected.setup.string.constants.txt
2020-10-29 07:05:56,984 Found expected filepath C:\Users\seb\AppData\Local\Programs\Python\Python39\lib\site-packages\tdvt\exprtests/standard\expected.setup.string.constants.1.txt
2020-10-29 07:05:56,984 Found expected filepath C:\Users\seb\AppData\Local\Programs\Python\Python39\lib\site-packages\tdvt\exprtests/standard\expected.setup.string.contains.empty.txt
2020-10-29 07:05:56,984 Found expected filepath C:\Users\seb\AppData\Local\Programs\Python\Python39\lib\site-packages\tdvt\exprtests/standard\expected.setup.string.contains.empty.1.txt
2020-10-29 07:05:56,984 Found expected filepath C:\Users\seb\AppData\Local\Programs\Python\Python39\lib\site-packages\tdvt\exprtests/standard\expected.setup.string.contains.empty.2.txt
2020-10-29 07:05:56,984 Found expected filepath C:\Users\seb\AppData\Local\Programs\Python\Python39\lib\site-packages\tdvt\exprtests/standard\expected.setup.string.contains.regex.txt
2020-10-29 07:05:56,984 Found expected filepath C:\Users\seb\AppData\Local\Programs\Python\Python39\lib\site-packages\tdvt\exprtests/standard\expected.setup.string.contains.txt
2020-10-29 07:05:56,984 Found expected filepath C:\Users\seb\AppData\Local\Programs\Python\Python39\lib\site-packages\tdvt\exprtests/standard\expected.setup.string.contains.1.txt
2020-10-29 07:05:56,984 Found expected filepath C:\Users\seb\AppData\Local\Programs\Python\Python39\lib\site-packages\tdvt\exprtests/standard\expected.setup.string.endswith.txt
2020-10-29 07:05:56,984 Found expected filepath C:\Users\seb\AppData\Local\Programs\Python\Python39\lib\site-packages\tdvt\exprtests/standard\expected.setup.string.endswith.1.txt
2020-10-29 07:05:57,000 Found expected filepath C:\Users\seb\AppData\Local\Programs\Python\Python39\lib\site-packages\tdvt\exprtests/standard\expected.setup.string.find.txt
2020-10-29 07:05:57,000 Found expected filepath C:\Users\seb\AppData\Local\Programs\Python\Python39\lib\site-packages\tdvt\exprtests/standard\expected.setup.string.find.1.txt
2020-10-29 07:05:57,000 Found expected filepath C:\Users\seb\AppData\Local\Programs\Python\Python39\lib\site-packages\tdvt\exprtests/standard\expected.setup.string.find.2.txt
2020-10-29 07:05:57,000 Found expected filepath C:\Users\seb\AppData\Local\Programs\Python\Python39\lib\site-packages\tdvt\exprtests/standard\expected.setup.string.find.3.txt
2020-10-29 07:05:57,000 Found expected filepath C:\Users\seb\AppData\Local\Programs\Python\Python39\lib\site-packages\tdvt\exprtests/standard\expected.setup.string.find.4.txt
2020-10-29 07:05:57,000 Found expected filepath C:\Users\seb\AppData\Local\Programs\Python\Python39\lib\site-packages\tdvt\exprtests/standard\expected.setup.string.find.5.txt
2020-10-29 07:05:57,000 Found expected filepath C:\Users\seb\AppData\Local\Programs\Python\Python39\lib\site-packages\tdvt\exprtests/standard\expected.setup.string.left.negative.txt
2020-10-29 07:05:57,000 Found expected filepath C:\Users\seb\AppData\Local\Programs\Python\Python39\lib\site-packages\tdvt\exprtests/standard\expected.setup.string.left.real.txt
2020-10-29 07:05:57,000 Found expected filepath C:\Users\seb\AppData\Local\Programs\Python\Python39\lib\site-packages\tdvt\exprtests/standard\expected.setup.string.left.real.1.txt
2020-10-29 07:05:57,000 Found expected filepath C:\Users\seb\AppData\Local\Programs\Python\Python39\lib\site-packages\tdvt\exprtests/standard\expected.setup.string.left.txt
2020-10-29 07:05:57,000 Found expected filepath C:\Users\seb\AppData\Local\Programs\Python\Python39\lib\site-packages\tdvt\exprtests/standard\expected.setup.string.len.txt
2020-10-29 07:05:57,000 Found expected filepath C:\Users\seb\AppData\Local\Programs\Python\Python39\lib\site-packages\tdvt\exprtests/standard\expected.setup.string.lower.txt
2020-10-29 07:05:57,000 Found expected filepath C:\Users\seb\AppData\Local\Programs\Python\Python39\lib\site-packages\tdvt\exprtests/standard\expected.setup.string.ltrim.txt
2020-10-29 07:05:57,000 Found expected filepath C:\Users\seb\AppData\Local\Programs\Python\Python39\lib\site-packages\tdvt\exprtests/standard\expected.setup.string.ltrim.1.txt
2020-10-29 07:05:57,000 Found expected filepath C:\Users\seb\AppData\Local\Programs\Python\Python39\lib\site-packages\tdvt\exprtests/standard\expected.setup.string.max.txt
2020-10-29 07:05:57,000 Found expected filepath C:\Users\seb\AppData\Local\Programs\Python\Python39\lib\site-packages\tdvt\exprtests/standard\expected.setup.string.max.1.txt
2020-10-29 07:05:57,000 Found expected filepath C:\Users\seb\AppData\Local\Programs\Python\Python39\lib\site-packages\tdvt\exprtests/standard\expected.setup.string.min.txt
2020-10-29 07:05:57,000 Found expected filepath C:\Users\seb\AppData\Local\Programs\Python\Python39\lib\site-packages\tdvt\exprtests/standard\expected.setup.string.min.1.txt
2020-10-29 07:05:57,000 Found expected filepath C:\Users\seb\AppData\Local\Programs\Python\Python39\lib\site-packages\tdvt\exprtests/standard\expected.setup.string.replace.txt
2020-10-29 07:05:57,000 Found expected filepath C:\Users\seb\AppData\Local\Programs\Python\Python39\lib\site-packages\tdvt\exprtests/standard\expected.setup.string.right.real.txt
2020-10-29 07:05:57,000 Found expected filepath C:\Users\seb\AppData\Local\Programs\Python\Python39\lib\site-packages\tdvt\exprtests/standard\expected.setup.string.right.real.1.txt
2020-10-29 07:05:57,000 Found expected filepath C:\Users\seb\AppData\Local\Programs\Python\Python39\lib\site-packages\tdvt\exprtests/standard\expected.setup.string.right.txt
2020-10-29 07:05:57,000 Found expected filepath C:\Users\seb\AppData\Local\Programs\Python\Python39\lib\site-packages\tdvt\exprtests/standard\expected.setup.string.rtrim.txt
2020-10-29 07:05:57,000 Found expected filepath C:\Users\seb\AppData\Local\Programs\Python\Python39\lib\site-packages\tdvt\exprtests/standard\expected.setup.string.startswith.txt
2020-10-29 07:05:57,016 Found expected filepath C:\Users\seb\AppData\Local\Programs\Python\Python39\lib\site-packages\tdvt\exprtests/standard\expected.setup.string.trim.txt
2020-10-29 07:05:57,016 Found expected filepath C:\Users\seb\AppData\Local\Programs\Python\Python39\lib\site-packages\tdvt\exprtests/standard\expected.setup.string.upper.txt
2020-10-29 07:05:57,016 Found expected filepath C:\Users\seb\AppData\Local\Programs\Python\Python39\lib\site-packages\tdvt\exprtests/standard\expected.setup.string.utf8.txt
2020-10-29 07:05:57,047 
Finished tdvt suite [exasol_odbc]: tested sql [False]: tested tuples [True]: tested error [False]: output dir [C:\Users\seb\AppData\Local\Temp\fd6fe682476b1104018a324a1670e5356cd35ef747444725374d1d93rovh6y_2]: logical [False]: config file [expression.standard.exasol_odbc]: override [-DConnectPluginsPath=..\src\exasol_odbc]: tds [C:\Users\seb\git\tableau-connector\tdvt\tds\cast_calcs.exasol_odbc.tds]: thread [6]

2020-10-29 07:05:57,094 Thread-[2] CalledProcessError: Return code: 16 LoadDatasource TableauException: Tableau doesn't recognize the data source type 'exasol_odbc'. It might not be available in this version of Tableau, or it might be a connector plugin that's not installed on this system.

No data source specified

2020-10-29 07:05:57,094 Thread-[2] Command line output:LoadDatasource TableauException: Tableau doesn't recognize the data source type 'exasol_odbc'. It might not be available in this version of Tableau, or it might be a connector plugin that's not installed on this system.

No data source specified

2020-10-29 07:05:57,094 
Finished tdvt suite [exasol_odbc]: tested sql [False]: tested tuples [True]: tested error [False]: output dir [C:\Users\seb\AppData\Local\Temp\0227a584a97cf8714b9936d13b22556a432cbfb523860d47a2ee8ea25xwbeiw7]: logical [True]: config file [logical.staples.exasol_odbc]: override [-DConnectPluginsPath=..\src\exasol_odbc]: tds [C:\Users\seb\git\tableau-connector\tdvt\tds\Staples.exasol_odbc.tds]: thread [6]

2020-10-29 07:05:57,110 Thread-[1] CalledProcessError: Return code: 16 LoadDatasource TableauException: Tableau doesn't recognize the data source type 'exasol_odbc'. It might not be available in this version of Tableau, or it might be a connector plugin that's not installed on this system.

No data source specified

2020-10-29 07:05:57,110 Thread-[1] Command line output:LoadDatasource TableauException: Tableau doesn't recognize the data source type 'exasol_odbc'. It might not be available in this version of Tableau, or it might be a connector plugin that's not installed on this system.

No data source specified

2020-10-29 07:05:57,125 
Finished tdvt suite [exasol_odbc]: tested sql [False]: tested tuples [True]: tested error [False]: output dir [C:\Users\seb\AppData\Local\Temp\4161832c5cde013cce31b6de4d36e7ad4295ee8661b9502280dca9f9dwds1u9a]: logical [True]: config file [logical.calcs.exasol_odbc]: override [-DConnectPluginsPath=..\src\exasol_odbc]: tds [C:\Users\seb\git\tableau-connector\tdvt\tds\cast_calcs.exasol_odbc.tds]: thread [6]

2020-10-29 07:06:04,188 Thread-[9] CalledProcessError: Return code: 16 LoadDatasource TableauException: Tableau doesn't recognize the data source type 'exasol_odbc'. It might not be available in this version of Tableau, or it might be a connector plugin that's not installed on this system.


2020-10-29 07:06:04,188 Thread-[9] Command line output:LoadDatasource TableauException: Tableau doesn't recognize the data source type 'exasol_odbc'. It might not be available in this version of Tableau, or it might be a connector plugin that's not installed on this system.


2020-10-29 07:06:04,188 Found expected filepath C:\Users\seb\AppData\Local\Programs\Python\Python39\lib\site-packages\tdvt\exprtests/pretest\expected.setup.bad_password_test.txt
2020-10-29 07:06:04,188 
Finished tdvt suite [exasol_odbc]: tested sql [False]: tested tuples [True]: tested error [False]: output dir [C:\Users\seb\AppData\Local\Temp\604fe8423a84a904bd23cad5da24814248b28aeb20057440c68a9ed4o7so7229]: logical [False]: config file [TestBadPassword.exasol_odbc]: override [-DConnectPluginsPath=..\src\exasol_odbc]: tds [C:\Users\seb\git\tableau-connector\tdvt\tds\cast_calcs.exasol_odbc.tds]: thread [6]

2020-10-29 07:06:04,203 Thread-[8] CalledProcessError: Return code: 16 LoadDatasource TableauException: Tableau doesn't recognize the data source type 'exasol_odbc'. It might not be available in this version of Tableau, or it might be a connector plugin that's not installed on this system.


2020-10-29 07:06:04,203 Thread-[8] Command line output:LoadDatasource TableauException: Tableau doesn't recognize the data source type 'exasol_odbc'. It might not be available in this version of Tableau, or it might be a connector plugin that's not installed on this system.


2020-10-29 07:06:04,203 Found expected filepath C:\Users\seb\AppData\Local\Programs\Python\Python39\lib\site-packages\tdvt\exprtests/percentile\expected.setup.agg.percentile.txt
2020-10-29 07:06:04,203 Found expected filepath C:\Users\seb\AppData\Local\Programs\Python\Python39\lib\site-packages\tdvt\exprtests/percentile\expected.setup.agg.percentile.1.txt
2020-10-29 07:06:04,203 
Finished tdvt suite [exasol_odbc]: tested sql [False]: tested tuples [True]: tested error [False]: output dir [C:\Users\seb\AppData\Local\Temp\3a1201af383a0a612fcbb744976cbf153b3917633aeedc91fccc99bafqqckzkq]: logical [False]: config file [expression.percentile.exasol_odbc]: override [-DConnectPluginsPath=..\src\exasol_odbc]: tds [C:\Users\seb\git\tableau-connector\tdvt\tds\cast_calcs.exasol_odbc.tds]: thread [6]

2020-10-29 07:06:04,422 Thread-[7] CalledProcessError: Return code: 16 LoadDatasource TableauException: Tableau doesn't recognize the data source type 'exasol_odbc'. It might not be available in this version of Tableau, or it might be a connector plugin that's not installed on this system.


2020-10-29 07:06:04,422 Thread-[7] Command line output:LoadDatasource TableauException: Tableau doesn't recognize the data source type 'exasol_odbc'. It might not be available in this version of Tableau, or it might be a connector plugin that's not installed on this system.


2020-10-29 07:06:04,422 Found expected filepath C:\Users\seb\AppData\Local\Programs\Python\Python39\lib\site-packages\tdvt\exprtests/median\expected.setup.agg.median.txt
2020-10-29 07:06:04,422 Found expected filepath C:\Users\seb\AppData\Local\Programs\Python\Python39\lib\site-packages\tdvt\exprtests/median\expected.setup.agg.median.1.txt
2020-10-29 07:06:04,422 
Finished tdvt suite [exasol_odbc]: tested sql [False]: tested tuples [True]: tested error [False]: output dir [C:\Users\seb\AppData\Local\Temp\567f65b2273b789cc047911c579e9bcd01426baa8bb820f51bfcf03bvr2xovoc]: logical [False]: config file [expression.median.exasol_odbc]: override [-DConnectPluginsPath=..\src\exasol_odbc]: tds [C:\Users\seb\git\tableau-connector\tdvt\tds\cast_calcs.exasol_odbc.tds]: thread [6]

2020-10-29 07:06:04,438 Copying C:\Users\seb\AppData\Local\Temp\4161832c5cde013cce31b6de4d36e7ad4295ee8661b9502280dca9f9dwds1u9a\test_results.csv to output
2020-10-29 07:06:04,484 Copying C:\Users\seb\AppData\Local\Temp\0227a584a97cf8714b9936d13b22556a432cbfb523860d47a2ee8ea25xwbeiw7\test_results.csv to output
2020-10-29 07:06:04,531 Copying C:\Users\seb\AppData\Local\Temp\b2ff43aa8d579e800767be23813923c034e76dbc3941c17bbd7f0595q56k6e35\test_results.csv to output
2020-10-29 07:06:04,578 Copying C:\Users\seb\AppData\Local\Temp\6820c897e15492e3a79106eea4b3c1ab574611078ad77a662cf207aetgkb5tu1\test_results.csv to output
2020-10-29 07:06:04,625 Copying C:\Users\seb\AppData\Local\Temp\fd6fe682476b1104018a324a1670e5356cd35ef747444725374d1d93rovh6y_2\test_results.csv to output
2020-10-29 07:06:04,688 Copying C:\Users\seb\AppData\Local\Temp\004579c80c255739ae889e6398917bf8217874e30cc04b1b9a6be6b1qh34q48j\test_results.csv to output
2020-10-29 07:06:04,734 Copying C:\Users\seb\AppData\Local\Temp\567f65b2273b789cc047911c579e9bcd01426baa8bb820f51bfcf03bvr2xovoc\test_results.csv to output
2020-10-29 07:06:04,781 Copying C:\Users\seb\AppData\Local\Temp\3a1201af383a0a612fcbb744976cbf153b3917633aeedc91fccc99bafqqckzkq\test_results.csv to output
2020-10-29 07:06:04,828 Copying C:\Users\seb\AppData\Local\Temp\604fe8423a84a904bd23cad5da24814248b28aeb20057440c68a9ed4o7so7229\test_results.csv to output
2020-10-29 07:06:04,875 Copying output to test_results_combined.csv
